{"C:\\Users\\StolSakh2\\dev\\stellar-burger\\src\\index.tsx": {"path":"C:\\Users\\StolSakh2\\dev\\stellar-burger\\src\\index.tsx","statementMap":{"0":{"start":{"line":8,"column":18},"end":{"line":8,"column":64}},"1":{"start":{"line":9,"column":13},"end":{"line":9,"column":50}},"2":{"start":{"line":11,"column":0},"end":{"line":19,"column":2}}},"fnMap":{},"branchMap":{},"s":{"0":0,"1":0,"2":0},"f":{},"b":{}}
,"C:\\Users\\StolSakh2\\dev\\stellar-burger\\src\\components\\index.ts": {"path":"C:\\Users\\StolSakh2\\dev\\stellar-burger\\src\\components\\index.ts","statementMap":{},"fnMap":{},"branchMap":{},"s":{},"f":{},"b":{}}
,"C:\\Users\\StolSakh2\\dev\\stellar-burger\\src\\components\\app\\app.tsx": {"path":"C:\\Users\\StolSakh2\\dev\\stellar-burger\\src\\components\\app\\app.tsx","statementMap":{"0":{"start":{"line":29,"column":12},"end":{"line":142,"column":1}},"1":{"start":{"line":30,"column":19},"end":{"line":30,"column":32}},"2":{"start":{"line":31,"column":19},"end":{"line":31,"column":32}},"3":{"start":{"line":33,"column":2},"end":{"line":36,"column":17}},"4":{"start":{"line":34,"column":4},"end":{"line":34,"column":31}},"5":{"start":{"line":35,"column":4},"end":{"line":35,"column":34}},"6":{"start":{"line":38,"column":37},"end":{"line":40,"column":3}},"7":{"start":{"line":39,"column":4},"end":{"line":39,"column":19}},"8":{"start":{"line":41,"column":31},"end":{"line":43,"column":3}},"9":{"start":{"line":42,"column":4},"end":{"line":42,"column":23}},"10":{"start":{"line":45,"column":40},"end":{"line":47,"column":3}},"11":{"start":{"line":46,"column":4},"end":{"line":46,"column":33}},"12":{"start":{"line":49,"column":2},"end":{"line":141,"column":4}}},"fnMap":{"0":{"name":"(anonymous_0)","decl":{"start":{"line":29,"column":12},"end":{"line":29,"column":13}},"loc":{"start":{"line":29,"column":18},"end":{"line":142,"column":1}},"line":29},"1":{"name":"(anonymous_1)","decl":{"start":{"line":33,"column":12},"end":{"line":33,"column":13}},"loc":{"start":{"line":33,"column":18},"end":{"line":36,"column":3}},"line":33},"2":{"name":"(anonymous_2)","decl":{"start":{"line":38,"column":37},"end":{"line":38,"column":38}},"loc":{"start":{"line":38,"column":43},"end":{"line":40,"column":3}},"line":38},"3":{"name":"(anonymous_3)","decl":{"start":{"line":41,"column":31},"end":{"line":41,"column":32}},"loc":{"start":{"line":41,"column":37},"end":{"line":43,"column":3}},"line":41},"4":{"name":"(anonymous_4)","decl":{"start":{"line":45,"column":40},"end":{"line":45,"column":41}},"loc":{"start":{"line":45,"column":46},"end":{"line":47,"column":3}},"line":45}},"branchMap":{},"s":{"0":0,"1":0,"2":0,"3":0,"4":0,"5":0,"6":0,"7":0,"8":0,"9":0,"10":0,"11":0,"12":0},"f":{"0":0,"1":0,"2":0,"3":0,"4":0},"b":{}}
,"C:\\Users\\StolSakh2\\dev\\stellar-burger\\src\\components\\app-header\\app-header.tsx": {"path":"C:\\Users\\StolSakh2\\dev\\stellar-burger\\src\\components\\app-header\\app-header.tsx","statementMap":{"0":{"start":{"line":5,"column":29},"end":{"line":8,"column":1}},"1":{"start":{"line":6,"column":19},"end":{"line":6,"column":75}},"2":{"start":{"line":6,"column":53},"end":{"line":6,"column":74}},"3":{"start":{"line":7,"column":2},"end":{"line":7,"column":45}}},"fnMap":{"0":{"name":"(anonymous_0)","decl":{"start":{"line":5,"column":29},"end":{"line":5,"column":30}},"loc":{"start":{"line":5,"column":35},"end":{"line":8,"column":1}},"line":5},"1":{"name":"(anonymous_1)","decl":{"start":{"line":6,"column":31},"end":{"line":6,"column":32}},"loc":{"start":{"line":6,"column":53},"end":{"line":6,"column":74}},"line":6}},"branchMap":{},"s":{"0":0,"1":0,"2":0,"3":0},"f":{"0":0,"1":0},"b":{}}
,"C:\\Users\\StolSakh2\\dev\\stellar-burger\\src\\components\\app-header\\index.ts": {"path":"C:\\Users\\StolSakh2\\dev\\stellar-burger\\src\\components\\app-header\\index.ts","statementMap":{},"fnMap":{},"branchMap":{},"s":{},"f":{},"b":{}}
,"C:\\Users\\StolSakh2\\dev\\stellar-burger\\src\\components\\burger-constructor\\burger-constructor.tsx": {"path":"C:\\Users\\StolSakh2\\dev\\stellar-burger\\src\\components\\burger-constructor\\burger-constructor.tsx","statementMap":{"0":{"start":{"line":16,"column":37},"end":{"line":74,"column":1}},"1":{"start":{"line":18,"column":21},"end":{"line":18,"column":34}},"2":{"start":{"line":19,"column":19},"end":{"line":19,"column":32}},"3":{"start":{"line":20,"column":15},"end":{"line":20,"column":49}},"4":{"start":{"line":22,"column":27},"end":{"line":24,"column":3}},"5":{"start":{"line":23,"column":26},"end":{"line":23,"column":49}},"6":{"start":{"line":27,"column":4},"end":{"line":28,"column":25}},"7":{"start":{"line":27,"column":38},"end":{"line":27,"column":75}},"8":{"start":{"line":30,"column":25},"end":{"line":32,"column":3}},"9":{"start":{"line":31,"column":26},"end":{"line":31,"column":55}},"10":{"start":{"line":34,"column":23},"end":{"line":48,"column":3}},"11":{"start":{"line":35,"column":4},"end":{"line":35,"column":54}},"12":{"start":{"line":35,"column":47},"end":{"line":35,"column":54}},"13":{"start":{"line":37,"column":4},"end":{"line":47,"column":5}},"14":{"start":{"line":38,"column":6},"end":{"line":38,"column":27}},"15":{"start":{"line":40,"column":20},"end":{"line":40,"column":44}},"16":{"start":{"line":41,"column":28},"end":{"line":43,"column":7}},"17":{"start":{"line":42,"column":24},"end":{"line":42,"column":38}},"18":{"start":{"line":45,"column":30},"end":{"line":45,"column":62}},"19":{"start":{"line":46,"column":6},"end":{"line":46,"column":45}},"20":{"start":{"line":50,"column":26},"end":{"line":52,"column":3}},"21":{"start":{"line":51,"column":4},"end":{"line":51,"column":64}},"22":{"start":{"line":54,"column":16},"end":{"line":62,"column":3}},"23":{"start":{"line":56,"column":6},"end":{"line":60,"column":7}},"24":{"start":{"line":58,"column":50},"end":{"line":58,"column":61}},"25":{"start":{"line":64,"column":2},"end":{"line":73,"column":4}}},"fnMap":{"0":{"name":"(anonymous_0)","decl":{"start":{"line":16,"column":37},"end":{"line":16,"column":38}},"loc":{"start":{"line":16,"column":43},"end":{"line":74,"column":1}},"line":16},"1":{"name":"(anonymous_1)","decl":{"start":{"line":23,"column":4},"end":{"line":23,"column":5}},"loc":{"start":{"line":23,"column":26},"end":{"line":23,"column":49}},"line":23},"2":{"name":"(anonymous_2)","decl":{"start":{"line":27,"column":16},"end":{"line":27,"column":17}},"loc":{"start":{"line":27,"column":38},"end":{"line":27,"column":75}},"line":27},"3":{"name":"(anonymous_3)","decl":{"start":{"line":31,"column":4},"end":{"line":31,"column":5}},"loc":{"start":{"line":31,"column":26},"end":{"line":31,"column":55}},"line":31},"4":{"name":"(anonymous_4)","decl":{"start":{"line":34,"column":23},"end":{"line":34,"column":24}},"loc":{"start":{"line":34,"column":29},"end":{"line":48,"column":3}},"line":34},"5":{"name":"(anonymous_5)","decl":{"start":{"line":42,"column":8},"end":{"line":42,"column":9}},"loc":{"start":{"line":42,"column":24},"end":{"line":42,"column":38}},"line":42},"6":{"name":"(anonymous_6)","decl":{"start":{"line":50,"column":26},"end":{"line":50,"column":27}},"loc":{"start":{"line":50,"column":32},"end":{"line":52,"column":3}},"line":50},"7":{"name":"(anonymous_7)","decl":{"start":{"line":55,"column":4},"end":{"line":55,"column":5}},"loc":{"start":{"line":56,"column":6},"end":{"line":60,"column":7}},"line":56},"8":{"name":"(anonymous_8)","decl":{"start":{"line":58,"column":8},"end":{"line":58,"column":9}},"loc":{"start":{"line":58,"column":50},"end":{"line":58,"column":61}},"line":58}},"branchMap":{"0":{"loc":{"start":{"line":35,"column":4},"end":{"line":35,"column":54}},"type":"if","locations":[{"start":{"line":35,"column":4},"end":{"line":35,"column":54}},{"start":{},"end":{}}],"line":35},"1":{"loc":{"start":{"line":35,"column":8},"end":{"line":35,"column":45}},"type":"binary-expr","locations":[{"start":{"line":35,"column":8},"end":{"line":35,"column":29}},{"start":{"line":35,"column":33},"end":{"line":35,"column":45}}],"line":35},"2":{"loc":{"start":{"line":37,"column":4},"end":{"line":47,"column":5}},"type":"if","locations":[{"start":{"line":37,"column":4},"end":{"line":47,"column":5}},{"start":{"line":39,"column":11},"end":{"line":47,"column":5}}],"line":37},"3":{"loc":{"start":{"line":56,"column":7},"end":{"line":56,"column":64}},"type":"cond-expr","locations":[{"start":{"line":56,"column":30},"end":{"line":56,"column":60}},{"start":{"line":56,"column":63},"end":{"line":56,"column":64}}],"line":56}},"s":{"0":0,"1":0,"2":0,"3":0,"4":0,"5":0,"6":0,"7":0,"8":0,"9":0,"10":0,"11":0,"12":0,"13":0,"14":0,"15":0,"16":0,"17":0,"18":0,"19":0,"20":0,"21":0,"22":0,"23":0,"24":0,"25":0},"f":{"0":0,"1":0,"2":0,"3":0,"4":0,"5":0,"6":0,"7":0,"8":0},"b":{"0":[0,0],"1":[0,0],"2":[0,0],"3":[0,0]}}
,"C:\\Users\\StolSakh2\\dev\\stellar-burger\\src\\components\\burger-constructor\\index.ts": {"path":"C:\\Users\\StolSakh2\\dev\\stellar-burger\\src\\components\\burger-constructor\\index.ts","statementMap":{},"fnMap":{},"branchMap":{},"s":{},"f":{},"b":{}}
,"C:\\Users\\StolSakh2\\dev\\stellar-burger\\src\\components\\burger-constructor-element\\burger-constructor-element.tsx": {"path":"C:\\Users\\StolSakh2\\dev\\stellar-burger\\src\\components\\burger-constructor-element\\burger-constructor-element.tsx","statementMap":{"0":{"start":{"line":7,"column":75},"end":{"line":48,"column":1}},"1":{"start":{"line":9,"column":21},"end":{"line":9,"column":34}},"2":{"start":{"line":11,"column":27},"end":{"line":20,"column":5}},"3":{"start":{"line":12,"column":6},"end":{"line":19,"column":7}},"4":{"start":{"line":13,"column":8},"end":{"line":18,"column":10}},"5":{"start":{"line":22,"column":25},"end":{"line":31,"column":5}},"6":{"start":{"line":23,"column":6},"end":{"line":30,"column":7}},"7":{"start":{"line":24,"column":8},"end":{"line":29,"column":10}},"8":{"start":{"line":33,"column":24},"end":{"line":35,"column":5}},"9":{"start":{"line":34,"column":6},"end":{"line":34,"column":72}},"10":{"start":{"line":37,"column":4},"end":{"line":46,"column":6}}},"fnMap":{"0":{"name":"(anonymous_0)","decl":{"start":{"line":8,"column":2},"end":{"line":8,"column":3}},"loc":{"start":{"line":8,"column":41},"end":{"line":47,"column":3}},"line":8},"1":{"name":"(anonymous_1)","decl":{"start":{"line":11,"column":27},"end":{"line":11,"column":28}},"loc":{"start":{"line":11,"column":33},"end":{"line":20,"column":5}},"line":11},"2":{"name":"(anonymous_2)","decl":{"start":{"line":22,"column":25},"end":{"line":22,"column":26}},"loc":{"start":{"line":22,"column":31},"end":{"line":31,"column":5}},"line":22},"3":{"name":"(anonymous_3)","decl":{"start":{"line":33,"column":24},"end":{"line":33,"column":25}},"loc":{"start":{"line":33,"column":30},"end":{"line":35,"column":5}},"line":33}},"branchMap":{"0":{"loc":{"start":{"line":12,"column":6},"end":{"line":19,"column":7}},"type":"if","locations":[{"start":{"line":12,"column":6},"end":{"line":19,"column":7}},{"start":{},"end":{}}],"line":12},"1":{"loc":{"start":{"line":23,"column":6},"end":{"line":30,"column":7}},"type":"if","locations":[{"start":{"line":23,"column":6},"end":{"line":30,"column":7}},{"start":{},"end":{}}],"line":23}},"s":{"0":0,"1":0,"2":0,"3":0,"4":0,"5":0,"6":0,"7":0,"8":0,"9":0,"10":0},"f":{"0":0,"1":0,"2":0,"3":0},"b":{"0":[0,0],"1":[0,0]}}
,"C:\\Users\\StolSakh2\\dev\\stellar-burger\\src\\components\\burger-constructor-element\\index.ts": {"path":"C:\\Users\\StolSakh2\\dev\\stellar-burger\\src\\components\\burger-constructor-element\\index.ts","statementMap":{},"fnMap":{},"branchMap":{},"s":{},"f":{},"b":{}}
,"C:\\Users\\StolSakh2\\dev\\stellar-burger\\src\\components\\burger-constructor-element\\type.ts": {"path":"C:\\Users\\StolSakh2\\dev\\stellar-burger\\src\\components\\burger-constructor-element\\type.ts","statementMap":{},"fnMap":{},"branchMap":{},"s":{},"f":{},"b":{}}
,"C:\\Users\\StolSakh2\\dev\\stellar-burger\\src\\components\\burger-ingredient\\burger-ingredient.tsx": {"path":"C:\\Users\\StolSakh2\\dev\\stellar-burger\\src\\components\\burger-ingredient\\burger-ingredient.tsx","statementMap":{"0":{"start":{"line":8,"column":60},"end":{"line":26,"column":1}},"1":{"start":{"line":10,"column":21},"end":{"line":10,"column":34}},"2":{"start":{"line":11,"column":21},"end":{"line":11,"column":34}},"3":{"start":{"line":13,"column":22},"end":{"line":15,"column":5}},"4":{"start":{"line":14,"column":6},"end":{"line":14,"column":76}},"5":{"start":{"line":17,"column":4},"end":{"line":24,"column":6}}},"fnMap":{"0":{"name":"(anonymous_0)","decl":{"start":{"line":9,"column":2},"end":{"line":9,"column":3}},"loc":{"start":{"line":9,"column":29},"end":{"line":25,"column":3}},"line":9},"1":{"name":"(anonymous_1)","decl":{"start":{"line":13,"column":22},"end":{"line":13,"column":23}},"loc":{"start":{"line":13,"column":28},"end":{"line":15,"column":5}},"line":13}},"branchMap":{},"s":{"0":0,"1":0,"2":0,"3":0,"4":0,"5":0},"f":{"0":0,"1":0},"b":{}}
,"C:\\Users\\StolSakh2\\dev\\stellar-burger\\src\\components\\burger-ingredient\\index.ts": {"path":"C:\\Users\\StolSakh2\\dev\\stellar-burger\\src\\components\\burger-ingredient\\index.ts","statementMap":{},"fnMap":{},"branchMap":{},"s":{},"f":{},"b":{}}
,"C:\\Users\\StolSakh2\\dev\\stellar-burger\\src\\components\\burger-ingredient\\type.ts": {"path":"C:\\Users\\StolSakh2\\dev\\stellar-burger\\src\\components\\burger-ingredient\\type.ts","statementMap":{},"fnMap":{},"branchMap":{},"s":{},"f":{},"b":{}}
,"C:\\Users\\StolSakh2\\dev\\stellar-burger\\src\\components\\burger-ingredients\\burger-ingredients.tsx": {"path":"C:\\Users\\StolSakh2\\dev\\stellar-burger\\src\\components\\burger-ingredients\\burger-ingredients.tsx","statementMap":{"0":{"start":{"line":9,"column":37},"end":{"line":70,"column":1}},"1":{"start":{"line":11,"column":38},"end":{"line":11,"column":57}},"2":{"start":{"line":12,"column":22},"end":{"line":12,"column":58}},"3":{"start":{"line":14,"column":15},"end":{"line":14,"column":64}},"4":{"start":{"line":14,"column":44},"end":{"line":14,"column":63}},"5":{"start":{"line":15,"column":16},"end":{"line":15,"column":66}},"6":{"start":{"line":15,"column":45},"end":{"line":15,"column":65}},"7":{"start":{"line":16,"column":17},"end":{"line":16,"column":68}},"8":{"start":{"line":16,"column":46},"end":{"line":16,"column":67}},"9":{"start":{"line":18,"column":38},"end":{"line":18,"column":63}},"10":{"start":{"line":19,"column":22},"end":{"line":19,"column":54}},"11":{"start":{"line":20,"column":23},"end":{"line":20,"column":55}},"12":{"start":{"line":21,"column":25},"end":{"line":21,"column":57}},"13":{"start":{"line":23,"column":32},"end":{"line":25,"column":4}},"14":{"start":{"line":27,"column":36},"end":{"line":29,"column":4}},"15":{"start":{"line":31,"column":36},"end":{"line":33,"column":4}},"16":{"start":{"line":35,"column":2},"end":{"line":43,"column":48}},"17":{"start":{"line":36,"column":4},"end":{"line":42,"column":5}},"18":{"start":{"line":37,"column":6},"end":{"line":37,"column":27}},"19":{"start":{"line":38,"column":11},"end":{"line":42,"column":5}},"20":{"start":{"line":39,"column":6},"end":{"line":39,"column":29}},"21":{"start":{"line":40,"column":11},"end":{"line":42,"column":5}},"22":{"start":{"line":41,"column":6},"end":{"line":41,"column":28}},"23":{"start":{"line":45,"column":21},"end":{"line":53,"column":3}},"24":{"start":{"line":46,"column":4},"end":{"line":46,"column":35}},"25":{"start":{"line":47,"column":4},"end":{"line":48,"column":66}},"26":{"start":{"line":48,"column":6},"end":{"line":48,"column":66}},"27":{"start":{"line":49,"column":4},"end":{"line":50,"column":67}},"28":{"start":{"line":50,"column":6},"end":{"line":50,"column":67}},"29":{"start":{"line":51,"column":4},"end":{"line":52,"column":69}},"30":{"start":{"line":52,"column":6},"end":{"line":52,"column":69}},"31":{"start":{"line":55,"column":2},"end":{"line":69,"column":4}}},"fnMap":{"0":{"name":"(anonymous_0)","decl":{"start":{"line":9,"column":37},"end":{"line":9,"column":38}},"loc":{"start":{"line":9,"column":43},"end":{"line":70,"column":1}},"line":9},"1":{"name":"(anonymous_1)","decl":{"start":{"line":14,"column":34},"end":{"line":14,"column":35}},"loc":{"start":{"line":14,"column":44},"end":{"line":14,"column":63}},"line":14},"2":{"name":"(anonymous_2)","decl":{"start":{"line":15,"column":35},"end":{"line":15,"column":36}},"loc":{"start":{"line":15,"column":45},"end":{"line":15,"column":65}},"line":15},"3":{"name":"(anonymous_3)","decl":{"start":{"line":16,"column":36},"end":{"line":16,"column":37}},"loc":{"start":{"line":16,"column":46},"end":{"line":16,"column":67}},"line":16},"4":{"name":"(anonymous_4)","decl":{"start":{"line":35,"column":12},"end":{"line":35,"column":13}},"loc":{"start":{"line":35,"column":18},"end":{"line":43,"column":3}},"line":35},"5":{"name":"(anonymous_5)","decl":{"start":{"line":45,"column":21},"end":{"line":45,"column":22}},"loc":{"start":{"line":45,"column":38},"end":{"line":53,"column":3}},"line":45}},"branchMap":{"0":{"loc":{"start":{"line":36,"column":4},"end":{"line":42,"column":5}},"type":"if","locations":[{"start":{"line":36,"column":4},"end":{"line":42,"column":5}},{"start":{"line":38,"column":11},"end":{"line":42,"column":5}}],"line":36},"1":{"loc":{"start":{"line":38,"column":11},"end":{"line":42,"column":5}},"type":"if","locations":[{"start":{"line":38,"column":11},"end":{"line":42,"column":5}},{"start":{"line":40,"column":11},"end":{"line":42,"column":5}}],"line":38},"2":{"loc":{"start":{"line":40,"column":11},"end":{"line":42,"column":5}},"type":"if","locations":[{"start":{"line":40,"column":11},"end":{"line":42,"column":5}},{"start":{},"end":{}}],"line":40},"3":{"loc":{"start":{"line":47,"column":4},"end":{"line":48,"column":66}},"type":"if","locations":[{"start":{"line":47,"column":4},"end":{"line":48,"column":66}},{"start":{},"end":{}}],"line":47},"4":{"loc":{"start":{"line":49,"column":4},"end":{"line":50,"column":67}},"type":"if","locations":[{"start":{"line":49,"column":4},"end":{"line":50,"column":67}},{"start":{},"end":{}}],"line":49},"5":{"loc":{"start":{"line":51,"column":4},"end":{"line":52,"column":69}},"type":"if","locations":[{"start":{"line":51,"column":4},"end":{"line":52,"column":69}},{"start":{},"end":{}}],"line":51}},"s":{"0":0,"1":0,"2":0,"3":0,"4":0,"5":0,"6":0,"7":0,"8":0,"9":0,"10":0,"11":0,"12":0,"13":0,"14":0,"15":0,"16":0,"17":0,"18":0,"19":0,"20":0,"21":0,"22":0,"23":0,"24":0,"25":0,"26":0,"27":0,"28":0,"29":0,"30":0,"31":0},"f":{"0":0,"1":0,"2":0,"3":0,"4":0,"5":0},"b":{"0":[0,0],"1":[0,0],"2":[0,0],"3":[0,0],"4":[0,0],"5":[0,0]}}
,"C:\\Users\\StolSakh2\\dev\\stellar-burger\\src\\components\\burger-ingredients\\index.ts": {"path":"C:\\Users\\StolSakh2\\dev\\stellar-burger\\src\\components\\burger-ingredients\\index.ts","statementMap":{},"fnMap":{},"branchMap":{},"s":{},"f":{},"b":{}}
,"C:\\Users\\StolSakh2\\dev\\stellar-burger\\src\\components\\feed-info\\feed-info.tsx": {"path":"C:\\Users\\StolSakh2\\dev\\stellar-burger\\src\\components\\feed-info\\feed-info.tsx","statementMap":{"0":{"start":{"line":7,"column":18},"end":{"line":11,"column":17}},"1":{"start":{"line":8,"column":2},"end":{"line":11,"column":17}},"2":{"start":{"line":9,"column":22},"end":{"line":9,"column":44}},"3":{"start":{"line":10,"column":19},"end":{"line":10,"column":30}},"4":{"start":{"line":13,"column":28},"end":{"line":32,"column":1}},"5":{"start":{"line":15,"column":17},"end":{"line":15,"column":69}},"6":{"start":{"line":15,"column":51},"end":{"line":15,"column":68}},"7":{"start":{"line":16,"column":16},"end":{"line":16,"column":67}},"8":{"start":{"line":16,"column":50},"end":{"line":16,"column":66}},"9":{"start":{"line":17,"column":21},"end":{"line":17,"column":77}},"10":{"start":{"line":17,"column":55},"end":{"line":17,"column":76}},"11":{"start":{"line":19,"column":15},"end":{"line":19,"column":36}},"12":{"start":{"line":21,"column":22},"end":{"line":21,"column":47}},"13":{"start":{"line":23,"column":24},"end":{"line":23,"column":52}},"14":{"start":{"line":25,"column":2},"end":{"line":31,"column":4}}},"fnMap":{"0":{"name":"(anonymous_0)","decl":{"start":{"line":7,"column":18},"end":{"line":7,"column":19}},"loc":{"start":{"line":8,"column":2},"end":{"line":11,"column":17}},"line":8},"1":{"name":"(anonymous_1)","decl":{"start":{"line":9,"column":12},"end":{"line":9,"column":13}},"loc":{"start":{"line":9,"column":22},"end":{"line":9,"column":44}},"line":9},"2":{"name":"(anonymous_2)","decl":{"start":{"line":10,"column":9},"end":{"line":10,"column":10}},"loc":{"start":{"line":10,"column":19},"end":{"line":10,"column":30}},"line":10},"3":{"name":"(anonymous_3)","decl":{"start":{"line":13,"column":28},"end":{"line":13,"column":29}},"loc":{"start":{"line":13,"column":34},"end":{"line":32,"column":1}},"line":13},"4":{"name":"(anonymous_4)","decl":{"start":{"line":15,"column":29},"end":{"line":15,"column":30}},"loc":{"start":{"line":15,"column":51},"end":{"line":15,"column":68}},"line":15},"5":{"name":"(anonymous_5)","decl":{"start":{"line":16,"column":28},"end":{"line":16,"column":29}},"loc":{"start":{"line":16,"column":50},"end":{"line":16,"column":66}},"line":16},"6":{"name":"(anonymous_6)","decl":{"start":{"line":17,"column":33},"end":{"line":17,"column":34}},"loc":{"start":{"line":17,"column":55},"end":{"line":17,"column":76}},"line":17}},"branchMap":{},"s":{"0":0,"1":0,"2":0,"3":0,"4":0,"5":0,"6":0,"7":0,"8":0,"9":0,"10":0,"11":0,"12":0,"13":0,"14":0},"f":{"0":0,"1":0,"2":0,"3":0,"4":0,"5":0,"6":0},"b":{}}
,"C:\\Users\\StolSakh2\\dev\\stellar-burger\\src\\components\\feed-info\\index.ts": {"path":"C:\\Users\\StolSakh2\\dev\\stellar-burger\\src\\components\\feed-info\\index.ts","statementMap":{},"fnMap":{},"branchMap":{},"s":{},"f":{},"b":{}}
,"C:\\Users\\StolSakh2\\dev\\stellar-burger\\src\\components\\ingredient-details\\index.ts": {"path":"C:\\Users\\StolSakh2\\dev\\stellar-burger\\src\\components\\ingredient-details\\index.ts","statementMap":{},"fnMap":{},"branchMap":{},"s":{},"f":{},"b":{}}
,"C:\\Users\\StolSakh2\\dev\\stellar-burger\\src\\components\\ingredient-details\\ingredient-details.tsx": {"path":"C:\\Users\\StolSakh2\\dev\\stellar-burger\\src\\components\\ingredient-details\\ingredient-details.tsx","statementMap":{"0":{"start":{"line":8,"column":37},"end":{"line":21,"column":1}},"1":{"start":{"line":10,"column":17},"end":{"line":10,"column":44}},"2":{"start":{"line":11,"column":22},"end":{"line":11,"column":79}},"3":{"start":{"line":11,"column":56},"end":{"line":11,"column":78}},"4":{"start":{"line":12,"column":25},"end":{"line":14,"column":3}},"5":{"start":{"line":13,"column":20},"end":{"line":13,"column":41}},"6":{"start":{"line":16,"column":2},"end":{"line":18,"column":3}},"7":{"start":{"line":17,"column":4},"end":{"line":17,"column":25}},"8":{"start":{"line":20,"column":2},"end":{"line":20,"column":65}}},"fnMap":{"0":{"name":"(anonymous_0)","decl":{"start":{"line":8,"column":37},"end":{"line":8,"column":38}},"loc":{"start":{"line":8,"column":43},"end":{"line":21,"column":1}},"line":8},"1":{"name":"(anonymous_1)","decl":{"start":{"line":11,"column":34},"end":{"line":11,"column":35}},"loc":{"start":{"line":11,"column":56},"end":{"line":11,"column":78}},"line":11},"2":{"name":"(anonymous_2)","decl":{"start":{"line":13,"column":4},"end":{"line":13,"column":5}},"loc":{"start":{"line":13,"column":20},"end":{"line":13,"column":41}},"line":13}},"branchMap":{"0":{"loc":{"start":{"line":16,"column":2},"end":{"line":18,"column":3}},"type":"if","locations":[{"start":{"line":16,"column":2},"end":{"line":18,"column":3}},{"start":{},"end":{}}],"line":16}},"s":{"0":0,"1":0,"2":0,"3":0,"4":0,"5":0,"6":0,"7":0,"8":0},"f":{"0":0,"1":0,"2":0},"b":{"0":[0,0]}}
,"C:\\Users\\StolSakh2\\dev\\stellar-burger\\src\\components\\ingredients-category\\index.ts": {"path":"C:\\Users\\StolSakh2\\dev\\stellar-burger\\src\\components\\ingredients-category\\index.ts","statementMap":{},"fnMap":{},"branchMap":{},"s":{},"f":{},"b":{}}
,"C:\\Users\\StolSakh2\\dev\\stellar-burger\\src\\components\\ingredients-category\\ingredients-category.tsx": {"path":"C:\\Users\\StolSakh2\\dev\\stellar-burger\\src\\components\\ingredients-category\\ingredients-category.tsx","statementMap":{"0":{"start":{"line":7,"column":35},"end":{"line":36,"column":2}},"1":{"start":{"line":12,"column":28},"end":{"line":14,"column":3}},"2":{"start":{"line":13,"column":26},"end":{"line":13,"column":49}},"3":{"start":{"line":16,"column":30},"end":{"line":25,"column":25}},"4":{"start":{"line":17,"column":33},"end":{"line":17,"column":50}},"5":{"start":{"line":18,"column":48},"end":{"line":18,"column":50}},"6":{"start":{"line":19,"column":4},"end":{"line":22,"column":7}},"7":{"start":{"line":20,"column":6},"end":{"line":20,"column":66}},"8":{"start":{"line":20,"column":37},"end":{"line":20,"column":66}},"9":{"start":{"line":21,"column":6},"end":{"line":21,"column":33}},"10":{"start":{"line":23,"column":4},"end":{"line":23,"column":35}},"11":{"start":{"line":23,"column":13},"end":{"line":23,"column":35}},"12":{"start":{"line":24,"column":4},"end":{"line":24,"column":20}},"13":{"start":{"line":27,"column":2},"end":{"line":35,"column":4}}},"fnMap":{"0":{"name":"(anonymous_0)","decl":{"start":{"line":10,"column":2},"end":{"line":10,"column":3}},"loc":{"start":{"line":10,"column":45},"end":{"line":36,"column":1}},"line":10},"1":{"name":"(anonymous_1)","decl":{"start":{"line":13,"column":4},"end":{"line":13,"column":5}},"loc":{"start":{"line":13,"column":26},"end":{"line":13,"column":49}},"line":13},"2":{"name":"(anonymous_2)","decl":{"start":{"line":16,"column":38},"end":{"line":16,"column":39}},"loc":{"start":{"line":16,"column":44},"end":{"line":25,"column":3}},"line":16},"3":{"name":"(anonymous_3)","decl":{"start":{"line":19,"column":24},"end":{"line":19,"column":25}},"loc":{"start":{"line":19,"column":53},"end":{"line":22,"column":5}},"line":19}},"branchMap":{"0":{"loc":{"start":{"line":20,"column":6},"end":{"line":20,"column":66}},"type":"if","locations":[{"start":{"line":20,"column":6},"end":{"line":20,"column":66}},{"start":{},"end":{}}],"line":20},"1":{"loc":{"start":{"line":23,"column":4},"end":{"line":23,"column":35}},"type":"if","locations":[{"start":{"line":23,"column":4},"end":{"line":23,"column":35}},{"start":{},"end":{}}],"line":23}},"s":{"0":0,"1":0,"2":0,"3":0,"4":0,"5":0,"6":0,"7":0,"8":0,"9":0,"10":0,"11":0,"12":0,"13":0},"f":{"0":0,"1":0,"2":0,"3":0},"b":{"0":[0,0],"1":[0,0]}}
,"C:\\Users\\StolSakh2\\dev\\stellar-burger\\src\\components\\ingredients-category\\type.ts": {"path":"C:\\Users\\StolSakh2\\dev\\stellar-burger\\src\\components\\ingredients-category\\type.ts","statementMap":{},"fnMap":{},"branchMap":{},"s":{},"f":{},"b":{}}
,"C:\\Users\\StolSakh2\\dev\\stellar-burger\\src\\components\\modal\\index.ts": {"path":"C:\\Users\\StolSakh2\\dev\\stellar-burger\\src\\components\\modal\\index.ts","statementMap":{},"fnMap":{},"branchMap":{},"s":{},"f":{},"b":{}}
,"C:\\Users\\StolSakh2\\dev\\stellar-burger\\src\\components\\modal\\modal.tsx": {"path":"C:\\Users\\StolSakh2\\dev\\stellar-burger\\src\\components\\modal\\modal.tsx","statementMap":{"0":{"start":{"line":7,"column":18},"end":{"line":7,"column":51}},"1":{"start":{"line":9,"column":38},"end":{"line":27,"column":2}},"2":{"start":{"line":10,"column":2},"end":{"line":19,"column":16}},"3":{"start":{"line":11,"column":22},"end":{"line":13,"column":5}},"4":{"start":{"line":12,"column":6},"end":{"line":12,"column":38}},"5":{"start":{"line":15,"column":4},"end":{"line":15,"column":52}},"6":{"start":{"line":16,"column":4},"end":{"line":18,"column":6}},"7":{"start":{"line":17,"column":6},"end":{"line":17,"column":57}},"8":{"start":{"line":21,"column":2},"end":{"line":26,"column":4}}},"fnMap":{"0":{"name":"(anonymous_0)","decl":{"start":{"line":9,"column":43},"end":{"line":9,"column":44}},"loc":{"start":{"line":9,"column":77},"end":{"line":27,"column":1}},"line":9},"1":{"name":"(anonymous_1)","decl":{"start":{"line":10,"column":12},"end":{"line":10,"column":13}},"loc":{"start":{"line":10,"column":18},"end":{"line":19,"column":3}},"line":10},"2":{"name":"(anonymous_2)","decl":{"start":{"line":11,"column":22},"end":{"line":11,"column":23}},"loc":{"start":{"line":11,"column":44},"end":{"line":13,"column":5}},"line":11},"3":{"name":"(anonymous_3)","decl":{"start":{"line":16,"column":11},"end":{"line":16,"column":12}},"loc":{"start":{"line":16,"column":17},"end":{"line":18,"column":5}},"line":16}},"branchMap":{"0":{"loc":{"start":{"line":12,"column":6},"end":{"line":12,"column":37}},"type":"binary-expr","locations":[{"start":{"line":12,"column":6},"end":{"line":12,"column":24}},{"start":{"line":12,"column":28},"end":{"line":12,"column":37}}],"line":12}},"s":{"0":0,"1":0,"2":0,"3":0,"4":0,"5":0,"6":0,"7":0,"8":0},"f":{"0":0,"1":0,"2":0,"3":0},"b":{"0":[0,0]}}
,"C:\\Users\\StolSakh2\\dev\\stellar-burger\\src\\components\\modal\\type.ts": {"path":"C:\\Users\\StolSakh2\\dev\\stellar-burger\\src\\components\\modal\\type.ts","statementMap":{},"fnMap":{},"branchMap":{},"s":{},"f":{},"b":{}}
,"C:\\Users\\StolSakh2\\dev\\stellar-burger\\src\\components\\order-card\\index.ts": {"path":"C:\\Users\\StolSakh2\\dev\\stellar-burger\\src\\components\\order-card\\index.ts","statementMap":{},"fnMap":{},"branchMap":{},"s":{},"f":{},"b":{}}
,"C:\\Users\\StolSakh2\\dev\\stellar-burger\\src\\components\\order-card\\order-card.tsx": {"path":"C:\\Users\\StolSakh2\\dev\\stellar-burger\\src\\components\\order-card\\order-card.tsx","statementMap":{"0":{"start":{"line":10,"column":23},"end":{"line":10,"column":24}},"1":{"start":{"line":12,"column":45},"end":{"line":58,"column":2}},"2":{"start":{"line":14,"column":19},"end":{"line":14,"column":32}},"3":{"start":{"line":15,"column":22},"end":{"line":15,"column":79}},"4":{"start":{"line":15,"column":56},"end":{"line":15,"column":78}},"5":{"start":{"line":17,"column":20},"end":{"line":47,"column":26}},"6":{"start":{"line":18,"column":4},"end":{"line":18,"column":41}},"7":{"start":{"line":18,"column":29},"end":{"line":18,"column":41}},"8":{"start":{"line":20,"column":28},"end":{"line":27,"column":5}},"9":{"start":{"line":22,"column":27},"end":{"line":22,"column":70}},"10":{"start":{"line":22,"column":53},"end":{"line":22,"column":69}},"11":{"start":{"line":23,"column":8},"end":{"line":23,"column":52}},"12":{"start":{"line":23,"column":24},"end":{"line":23,"column":52}},"13":{"start":{"line":24,"column":8},"end":{"line":24,"column":19}},"14":{"start":{"line":29,"column":18},"end":{"line":29,"column":76}},"15":{"start":{"line":29,"column":56},"end":{"line":29,"column":72}},"16":{"start":{"line":31,"column":30},"end":{"line":31,"column":70}},"17":{"start":{"line":34,"column":6},"end":{"line":36,"column":11}},"18":{"start":{"line":38,"column":17},"end":{"line":38,"column":42}},"19":{"start":{"line":39,"column":4},"end":{"line":46,"column":6}},"20":{"start":{"line":49,"column":2},"end":{"line":49,"column":30}},"21":{"start":{"line":49,"column":18},"end":{"line":49,"column":30}},"22":{"start":{"line":51,"column":2},"end":{"line":57,"column":4}}},"fnMap":{"0":{"name":"(anonymous_0)","decl":{"start":{"line":12,"column":50},"end":{"line":12,"column":51}},"loc":{"start":{"line":12,"column":65},"end":{"line":58,"column":1}},"line":12},"1":{"name":"(anonymous_1)","decl":{"start":{"line":15,"column":34},"end":{"line":15,"column":35}},"loc":{"start":{"line":15,"column":56},"end":{"line":15,"column":78}},"line":15},"2":{"name":"(anonymous_2)","decl":{"start":{"line":17,"column":28},"end":{"line":17,"column":29}},"loc":{"start":{"line":17,"column":34},"end":{"line":47,"column":3}},"line":17},"3":{"name":"(anonymous_3)","decl":{"start":{"line":21,"column":6},"end":{"line":21,"column":7}},"loc":{"start":{"line":21,"column":44},"end":{"line":25,"column":7}},"line":21},"4":{"name":"(anonymous_4)","decl":{"start":{"line":22,"column":44},"end":{"line":22,"column":45}},"loc":{"start":{"line":22,"column":53},"end":{"line":22,"column":69}},"line":22},"5":{"name":"(anonymous_5)","decl":{"start":{"line":29,"column":41},"end":{"line":29,"column":42}},"loc":{"start":{"line":29,"column":56},"end":{"line":29,"column":72}},"line":29}},"branchMap":{"0":{"loc":{"start":{"line":18,"column":4},"end":{"line":18,"column":41}},"type":"if","locations":[{"start":{"line":18,"column":4},"end":{"line":18,"column":41}},{"start":{},"end":{}}],"line":18},"1":{"loc":{"start":{"line":23,"column":8},"end":{"line":23,"column":52}},"type":"if","locations":[{"start":{"line":23,"column":8},"end":{"line":23,"column":52}},{"start":{},"end":{}}],"line":23},"2":{"loc":{"start":{"line":34,"column":6},"end":{"line":36,"column":11}},"type":"cond-expr","locations":[{"start":{"line":35,"column":10},"end":{"line":35,"column":49}},{"start":{"line":36,"column":10},"end":{"line":36,"column":11}}],"line":34},"3":{"loc":{"start":{"line":49,"column":2},"end":{"line":49,"column":30}},"type":"if","locations":[{"start":{"line":49,"column":2},"end":{"line":49,"column":30}},{"start":{},"end":{}}],"line":49}},"s":{"0":0,"1":0,"2":0,"3":0,"4":0,"5":0,"6":0,"7":0,"8":0,"9":0,"10":0,"11":0,"12":0,"13":0,"14":0,"15":0,"16":0,"17":0,"18":0,"19":0,"20":0,"21":0,"22":0},"f":{"0":0,"1":0,"2":0,"3":0,"4":0,"5":0},"b":{"0":[0,0],"1":[0,0],"2":[0,0],"3":[0,0]}}
,"C:\\Users\\StolSakh2\\dev\\stellar-burger\\src\\components\\order-card\\type.ts": {"path":"C:\\Users\\StolSakh2\\dev\\stellar-burger\\src\\components\\order-card\\type.ts","statementMap":{},"fnMap":{},"branchMap":{},"s":{},"f":{},"b":{}}
,"C:\\Users\\StolSakh2\\dev\\stellar-burger\\src\\components\\order-info\\index.ts": {"path":"C:\\Users\\StolSakh2\\dev\\stellar-burger\\src\\components\\order-info\\index.ts","statementMap":{},"fnMap":{},"branchMap":{},"s":{},"f":{},"b":{}}
,"C:\\Users\\StolSakh2\\dev\\stellar-burger\\src\\components\\order-info\\order-info.tsx": {"path":"C:\\Users\\StolSakh2\\dev\\stellar-burger\\src\\components\\order-info\\order-info.tsx","statementMap":{"0":{"start":{"line":9,"column":29},"end":{"line":69,"column":1}},"1":{"start":{"line":11,"column":19},"end":{"line":11,"column":32}},"2":{"start":{"line":12,"column":21},"end":{"line":12,"column":52}},"3":{"start":{"line":13,"column":20},"end":{"line":13,"column":71}},"4":{"start":{"line":13,"column":54},"end":{"line":13,"column":70}},"5":{"start":{"line":14,"column":22},"end":{"line":14,"column":79}},"6":{"start":{"line":14,"column":56},"end":{"line":14,"column":78}},"7":{"start":{"line":16,"column":2},"end":{"line":20,"column":25}},"8":{"start":{"line":17,"column":4},"end":{"line":19,"column":5}},"9":{"start":{"line":18,"column":6},"end":{"line":18,"column":43}},"10":{"start":{"line":23,"column":20},"end":{"line":62,"column":30}},"11":{"start":{"line":24,"column":4},"end":{"line":24,"column":55}},"12":{"start":{"line":24,"column":43},"end":{"line":24,"column":55}},"13":{"start":{"line":26,"column":17},"end":{"line":26,"column":46}},"14":{"start":{"line":32,"column":28},"end":{"line":49,"column":5}},"15":{"start":{"line":34,"column":8},"end":{"line":44,"column":9}},"16":{"start":{"line":35,"column":29},"end":{"line":35,"column":72}},"17":{"start":{"line":35,"column":55},"end":{"line":35,"column":71}},"18":{"start":{"line":36,"column":10},"end":{"line":41,"column":11}},"19":{"start":{"line":37,"column":12},"end":{"line":40,"column":14}},"20":{"start":{"line":43,"column":10},"end":{"line":43,"column":28}},"21":{"start":{"line":46,"column":8},"end":{"line":46,"column":19}},"22":{"start":{"line":51,"column":18},"end":{"line":54,"column":5}},"23":{"start":{"line":52,"column":21},"end":{"line":52,"column":50}},"24":{"start":{"line":56,"column":4},"end":{"line":61,"column":6}},"25":{"start":{"line":64,"column":2},"end":{"line":66,"column":3}},"26":{"start":{"line":65,"column":4},"end":{"line":65,"column":25}},"27":{"start":{"line":68,"column":2},"end":{"line":68,"column":47}}},"fnMap":{"0":{"name":"(anonymous_0)","decl":{"start":{"line":9,"column":29},"end":{"line":9,"column":30}},"loc":{"start":{"line":9,"column":35},"end":{"line":69,"column":1}},"line":9},"1":{"name":"(anonymous_1)","decl":{"start":{"line":13,"column":32},"end":{"line":13,"column":33}},"loc":{"start":{"line":13,"column":54},"end":{"line":13,"column":70}},"line":13},"2":{"name":"(anonymous_2)","decl":{"start":{"line":14,"column":34},"end":{"line":14,"column":35}},"loc":{"start":{"line":14,"column":56},"end":{"line":14,"column":78}},"line":14},"3":{"name":"(anonymous_3)","decl":{"start":{"line":16,"column":12},"end":{"line":16,"column":13}},"loc":{"start":{"line":16,"column":18},"end":{"line":20,"column":3}},"line":16},"4":{"name":"(anonymous_4)","decl":{"start":{"line":23,"column":28},"end":{"line":23,"column":29}},"loc":{"start":{"line":23,"column":34},"end":{"line":62,"column":3}},"line":23},"5":{"name":"(anonymous_5)","decl":{"start":{"line":33,"column":6},"end":{"line":33,"column":7}},"loc":{"start":{"line":33,"column":44},"end":{"line":47,"column":7}},"line":33},"6":{"name":"(anonymous_6)","decl":{"start":{"line":35,"column":46},"end":{"line":35,"column":47}},"loc":{"start":{"line":35,"column":55},"end":{"line":35,"column":71}},"line":35},"7":{"name":"(anonymous_7)","decl":{"start":{"line":52,"column":6},"end":{"line":52,"column":7}},"loc":{"start":{"line":52,"column":21},"end":{"line":52,"column":50}},"line":52}},"branchMap":{"0":{"loc":{"start":{"line":17,"column":4},"end":{"line":19,"column":5}},"type":"if","locations":[{"start":{"line":17,"column":4},"end":{"line":19,"column":5}},{"start":{},"end":{}}],"line":17},"1":{"loc":{"start":{"line":24,"column":4},"end":{"line":24,"column":55}},"type":"if","locations":[{"start":{"line":24,"column":4},"end":{"line":24,"column":55}},{"start":{},"end":{}}],"line":24},"2":{"loc":{"start":{"line":24,"column":8},"end":{"line":24,"column":41}},"type":"binary-expr","locations":[{"start":{"line":24,"column":8},"end":{"line":24,"column":18}},{"start":{"line":24,"column":22},"end":{"line":24,"column":41}}],"line":24},"3":{"loc":{"start":{"line":34,"column":8},"end":{"line":44,"column":9}},"type":"if","locations":[{"start":{"line":34,"column":8},"end":{"line":44,"column":9}},{"start":{"line":42,"column":15},"end":{"line":44,"column":9}}],"line":34},"4":{"loc":{"start":{"line":36,"column":10},"end":{"line":41,"column":11}},"type":"if","locations":[{"start":{"line":36,"column":10},"end":{"line":41,"column":11}},{"start":{},"end":{}}],"line":36},"5":{"loc":{"start":{"line":64,"column":2},"end":{"line":66,"column":3}},"type":"if","locations":[{"start":{"line":64,"column":2},"end":{"line":66,"column":3}},{"start":{},"end":{}}],"line":64}},"s":{"0":0,"1":0,"2":0,"3":0,"4":0,"5":0,"6":0,"7":0,"8":0,"9":0,"10":0,"11":0,"12":0,"13":0,"14":0,"15":0,"16":0,"17":0,"18":0,"19":0,"20":0,"21":0,"22":0,"23":0,"24":0,"25":0,"26":0,"27":0},"f":{"0":0,"1":0,"2":0,"3":0,"4":0,"5":0,"6":0,"7":0},"b":{"0":[0,0],"1":[0,0],"2":[0,0],"3":[0,0],"4":[0,0],"5":[0,0]}}
,"C:\\Users\\StolSakh2\\dev\\stellar-burger\\src\\components\\order-status\\index.ts": {"path":"C:\\Users\\StolSakh2\\dev\\stellar-burger\\src\\components\\order-status\\index.ts","statementMap":{},"fnMap":{},"branchMap":{},"s":{},"f":{},"b":{}}
,"C:\\Users\\StolSakh2\\dev\\stellar-burger\\src\\components\\order-status\\order-status.tsx": {"path":"C:\\Users\\StolSakh2\\dev\\stellar-burger\\src\\components\\order-status\\order-status.tsx","statementMap":{"0":{"start":{"line":5,"column":46},"end":{"line":9,"column":1}},"1":{"start":{"line":11,"column":49},"end":{"line":25,"column":1}},"2":{"start":{"line":12,"column":18},"end":{"line":12,"column":20}},"3":{"start":{"line":13,"column":2},"end":{"line":22,"column":3}},"4":{"start":{"line":15,"column":6},"end":{"line":15,"column":28}},"5":{"start":{"line":16,"column":6},"end":{"line":16,"column":12}},"6":{"start":{"line":18,"column":6},"end":{"line":18,"column":28}},"7":{"start":{"line":19,"column":6},"end":{"line":19,"column":12}},"8":{"start":{"line":21,"column":6},"end":{"line":21,"column":28}},"9":{"start":{"line":24,"column":2},"end":{"line":24,"column":78}}},"fnMap":{"0":{"name":"(anonymous_0)","decl":{"start":{"line":11,"column":49},"end":{"line":11,"column":50}},"loc":{"start":{"line":11,"column":65},"end":{"line":25,"column":1}},"line":11}},"branchMap":{"0":{"loc":{"start":{"line":13,"column":2},"end":{"line":22,"column":3}},"type":"switch","locations":[{"start":{"line":14,"column":4},"end":{"line":16,"column":12}},{"start":{"line":17,"column":4},"end":{"line":19,"column":12}},{"start":{"line":20,"column":4},"end":{"line":21,"column":28}}],"line":13}},"s":{"0":0,"1":0,"2":0,"3":0,"4":0,"5":0,"6":0,"7":0,"8":0,"9":0},"f":{"0":0},"b":{"0":[0,0,0]}}
,"C:\\Users\\StolSakh2\\dev\\stellar-burger\\src\\components\\order-status\\type.ts": {"path":"C:\\Users\\StolSakh2\\dev\\stellar-burger\\src\\components\\order-status\\type.ts","statementMap":{},"fnMap":{},"branchMap":{},"s":{},"f":{},"b":{}}
,"C:\\Users\\StolSakh2\\dev\\stellar-burger\\src\\components\\orders-list\\index.ts": {"path":"C:\\Users\\StolSakh2\\dev\\stellar-burger\\src\\components\\orders-list\\index.ts","statementMap":{},"fnMap":{},"branchMap":{},"s":{},"f":{},"b":{}}
,"C:\\Users\\StolSakh2\\dev\\stellar-burger\\src\\components\\orders-list\\orders-list.tsx": {"path":"C:\\Users\\StolSakh2\\dev\\stellar-burger\\src\\components\\orders-list\\orders-list.tsx","statementMap":{"0":{"start":{"line":6,"column":47},"end":{"line":12,"column":2}},"1":{"start":{"line":7,"column":22},"end":{"line":9,"column":3}},"2":{"start":{"line":8,"column":14},"end":{"line":8,"column":79}},"3":{"start":{"line":11,"column":2},"end":{"line":11,"column":52}}},"fnMap":{"0":{"name":"(anonymous_0)","decl":{"start":{"line":6,"column":52},"end":{"line":6,"column":53}},"loc":{"start":{"line":6,"column":68},"end":{"line":12,"column":1}},"line":6},"1":{"name":"(anonymous_1)","decl":{"start":{"line":8,"column":4},"end":{"line":8,"column":5}},"loc":{"start":{"line":8,"column":14},"end":{"line":8,"column":79}},"line":8}},"branchMap":{},"s":{"0":0,"1":0,"2":0,"3":0},"f":{"0":0,"1":0},"b":{}}
,"C:\\Users\\StolSakh2\\dev\\stellar-burger\\src\\components\\orders-list\\type.ts": {"path":"C:\\Users\\StolSakh2\\dev\\stellar-burger\\src\\components\\orders-list\\type.ts","statementMap":{},"fnMap":{},"branchMap":{},"s":{},"f":{},"b":{}}
,"C:\\Users\\StolSakh2\\dev\\stellar-burger\\src\\components\\profile-menu\\index.ts": {"path":"C:\\Users\\StolSakh2\\dev\\stellar-burger\\src\\components\\profile-menu\\index.ts","statementMap":{},"fnMap":{},"branchMap":{},"s":{},"f":{},"b":{}}
,"C:\\Users\\StolSakh2\\dev\\stellar-burger\\src\\components\\profile-menu\\profile-menu.tsx": {"path":"C:\\Users\\StolSakh2\\dev\\stellar-burger\\src\\components\\profile-menu\\profile-menu.tsx","statementMap":{"0":{"start":{"line":7,"column":31},"end":{"line":16,"column":1}},"1":{"start":{"line":8,"column":23},"end":{"line":8,"column":36}},"2":{"start":{"line":9,"column":19},"end":{"line":9,"column":32}},"3":{"start":{"line":11,"column":23},"end":{"line":13,"column":3}},"4":{"start":{"line":12,"column":4},"end":{"line":12,"column":39}},"5":{"start":{"line":15,"column":2},"end":{"line":15,"column":75}}},"fnMap":{"0":{"name":"(anonymous_0)","decl":{"start":{"line":7,"column":31},"end":{"line":7,"column":32}},"loc":{"start":{"line":7,"column":37},"end":{"line":16,"column":1}},"line":7},"1":{"name":"(anonymous_1)","decl":{"start":{"line":11,"column":23},"end":{"line":11,"column":24}},"loc":{"start":{"line":11,"column":29},"end":{"line":13,"column":3}},"line":11}},"branchMap":{},"s":{"0":0,"1":0,"2":0,"3":0,"4":0,"5":0},"f":{"0":0,"1":0},"b":{}}
,"C:\\Users\\StolSakh2\\dev\\stellar-burger\\src\\components\\protected-route\\protected-route.tsx": {"path":"C:\\Users\\StolSakh2\\dev\\stellar-burger\\src\\components\\protected-route\\protected-route.tsx","statementMap":{"0":{"start":{"line":12,"column":30},"end":{"line":38,"column":1}},"1":{"start":{"line":16,"column":19},"end":{"line":16,"column":32}},"2":{"start":{"line":17,"column":19},"end":{"line":17,"column":32}},"3":{"start":{"line":18,"column":40},"end":{"line":18,"column":53}},"4":{"start":{"line":19,"column":15},"end":{"line":19,"column":35}},"5":{"start":{"line":20,"column":24},"end":{"line":20,"column":35}},"6":{"start":{"line":21,"column":24},"end":{"line":21,"column":53}},"7":{"start":{"line":23,"column":2},"end":{"line":26,"column":3}},"8":{"start":{"line":24,"column":4},"end":{"line":24,"column":26}},"9":{"start":{"line":25,"column":4},"end":{"line":25,"column":25}},"10":{"start":{"line":28,"column":2},"end":{"line":30,"column":3}},"11":{"start":{"line":29,"column":4},"end":{"line":29,"column":44}},"12":{"start":{"line":32,"column":2},"end":{"line":35,"column":3}},"13":{"start":{"line":33,"column":17},"end":{"line":33,"column":58}},"14":{"start":{"line":34,"column":4},"end":{"line":34,"column":42}},"15":{"start":{"line":37,"column":2},"end":{"line":37,"column":18}}},"fnMap":{"0":{"name":"(anonymous_0)","decl":{"start":{"line":12,"column":30},"end":{"line":12,"column":31}},"loc":{"start":{"line":15,"column":27},"end":{"line":38,"column":1}},"line":15}},"branchMap":{"0":{"loc":{"start":{"line":23,"column":2},"end":{"line":26,"column":3}},"type":"if","locations":[{"start":{"line":23,"column":2},"end":{"line":26,"column":3}},{"start":{},"end":{}}],"line":23},"1":{"loc":{"start":{"line":28,"column":2},"end":{"line":30,"column":3}},"type":"if","locations":[{"start":{"line":28,"column":2},"end":{"line":30,"column":3}},{"start":{},"end":{}}],"line":28},"2":{"loc":{"start":{"line":28,"column":6},"end":{"line":28,"column":26}},"type":"binary-expr","locations":[{"start":{"line":28,"column":6},"end":{"line":28,"column":17}},{"start":{"line":28,"column":21},"end":{"line":28,"column":26}}],"line":28},"3":{"loc":{"start":{"line":32,"column":2},"end":{"line":35,"column":3}},"type":"if","locations":[{"start":{"line":32,"column":2},"end":{"line":35,"column":3}},{"start":{},"end":{}}],"line":32},"4":{"loc":{"start":{"line":32,"column":6},"end":{"line":32,"column":24}},"type":"binary-expr","locations":[{"start":{"line":32,"column":6},"end":{"line":32,"column":16}},{"start":{"line":32,"column":20},"end":{"line":32,"column":24}}],"line":32},"5":{"loc":{"start":{"line":33,"column":17},"end":{"line":33,"column":58}},"type":"binary-expr","locations":[{"start":{"line":33,"column":17},"end":{"line":33,"column":37}},{"start":{"line":33,"column":41},"end":{"line":33,"column":58}}],"line":33}},"s":{"0":0,"1":0,"2":0,"3":0,"4":0,"5":0,"6":0,"7":0,"8":0,"9":0,"10":0,"11":0,"12":0,"13":0,"14":0,"15":0},"f":{"0":0},"b":{"0":[0,0],"1":[0,0],"2":[0,0],"3":[0,0],"4":[0,0],"5":[0,0]}}
,"C:\\Users\\StolSakh2\\dev\\stellar-burger\\src\\components\\ui\\index.ts": {"path":"C:\\Users\\StolSakh2\\dev\\stellar-burger\\src\\components\\ui\\index.ts","statementMap":{},"fnMap":{},"branchMap":{},"s":{},"f":{},"b":{}}
,"C:\\Users\\StolSakh2\\dev\\stellar-burger\\src\\components\\ui\\app-header\\app-header.tsx": {"path":"C:\\Users\\StolSakh2\\dev\\stellar-burger\\src\\components\\ui\\app-header\\app-header.tsx","statementMap":{"0":{"start":{"line":12,"column":50},"end":{"line":67,"column":1}},"1":{"start":{"line":13,"column":2},"end":{"line":66,"column":11}},"2":{"start":{"line":19,"column":12},"end":{"line":19,"column":55}},"3":{"start":{"line":23,"column":12},"end":{"line":28,"column":15}},"4":{"start":{"line":34,"column":12},"end":{"line":34,"column":55}},"5":{"start":{"line":38,"column":12},"end":{"line":41,"column":15}},"6":{"start":{"line":52,"column":12},"end":{"line":52,"column":55}},"7":{"start":{"line":56,"column":12},"end":{"line":61,"column":15}}},"fnMap":{"0":{"name":"(anonymous_0)","decl":{"start":{"line":12,"column":50},"end":{"line":12,"column":51}},"loc":{"start":{"line":13,"column":2},"end":{"line":66,"column":11}},"line":13},"1":{"name":"(anonymous_1)","decl":{"start":{"line":18,"column":21},"end":{"line":18,"column":22}},"loc":{"start":{"line":19,"column":12},"end":{"line":19,"column":55}},"line":19},"2":{"name":"(anonymous_2)","decl":{"start":{"line":22,"column":11},"end":{"line":22,"column":12}},"loc":{"start":{"line":23,"column":12},"end":{"line":28,"column":15}},"line":23},"3":{"name":"(anonymous_3)","decl":{"start":{"line":33,"column":21},"end":{"line":33,"column":22}},"loc":{"start":{"line":34,"column":12},"end":{"line":34,"column":55}},"line":34},"4":{"name":"(anonymous_4)","decl":{"start":{"line":37,"column":11},"end":{"line":37,"column":12}},"loc":{"start":{"line":38,"column":12},"end":{"line":41,"column":15}},"line":38},"5":{"name":"(anonymous_5)","decl":{"start":{"line":51,"column":21},"end":{"line":51,"column":22}},"loc":{"start":{"line":52,"column":12},"end":{"line":52,"column":55}},"line":52},"6":{"name":"(anonymous_6)","decl":{"start":{"line":55,"column":11},"end":{"line":55,"column":12}},"loc":{"start":{"line":56,"column":12},"end":{"line":61,"column":15}},"line":56}},"branchMap":{"0":{"loc":{"start":{"line":19,"column":12},"end":{"line":19,"column":55}},"type":"cond-expr","locations":[{"start":{"line":19,"column":23},"end":{"line":19,"column":41}},{"start":{"line":19,"column":44},"end":{"line":19,"column":55}}],"line":19},"1":{"loc":{"start":{"line":24,"column":32},"end":{"line":24,"column":66}},"type":"cond-expr","locations":[{"start":{"line":24,"column":43},"end":{"line":24,"column":52}},{"start":{"line":24,"column":55},"end":{"line":24,"column":66}}],"line":24},"2":{"loc":{"start":{"line":34,"column":12},"end":{"line":34,"column":55}},"type":"cond-expr","locations":[{"start":{"line":34,"column":23},"end":{"line":34,"column":41}},{"start":{"line":34,"column":44},"end":{"line":34,"column":55}}],"line":34},"3":{"loc":{"start":{"line":39,"column":30},"end":{"line":39,"column":64}},"type":"cond-expr","locations":[{"start":{"line":39,"column":41},"end":{"line":39,"column":50}},{"start":{"line":39,"column":53},"end":{"line":39,"column":64}}],"line":39},"4":{"loc":{"start":{"line":50,"column":14},"end":{"line":50,"column":46}},"type":"cond-expr","locations":[{"start":{"line":50,"column":25},"end":{"line":50,"column":35}},{"start":{"line":50,"column":38},"end":{"line":50,"column":46}}],"line":50},"5":{"loc":{"start":{"line":52,"column":12},"end":{"line":52,"column":55}},"type":"cond-expr","locations":[{"start":{"line":52,"column":23},"end":{"line":52,"column":41}},{"start":{"line":52,"column":44},"end":{"line":52,"column":55}}],"line":52},"6":{"loc":{"start":{"line":57,"column":33},"end":{"line":57,"column":67}},"type":"cond-expr","locations":[{"start":{"line":57,"column":44},"end":{"line":57,"column":53}},{"start":{"line":57,"column":56},"end":{"line":57,"column":67}}],"line":57},"7":{"loc":{"start":{"line":59,"column":17},"end":{"line":59,"column":45}},"type":"binary-expr","locations":[{"start":{"line":59,"column":17},"end":{"line":59,"column":25}},{"start":{"line":59,"column":29},"end":{"line":59,"column":45}}],"line":59}},"s":{"0":0,"1":0,"2":0,"3":0,"4":0,"5":0,"6":0,"7":0},"f":{"0":0,"1":0,"2":0,"3":0,"4":0,"5":0,"6":0},"b":{"0":[0,0],"1":[0,0],"2":[0,0],"3":[0,0],"4":[0,0],"5":[0,0],"6":[0,0],"7":[0,0]}}
,"C:\\Users\\StolSakh2\\dev\\stellar-burger\\src\\components\\ui\\app-header\\index.ts": {"path":"C:\\Users\\StolSakh2\\dev\\stellar-burger\\src\\components\\ui\\app-header\\index.ts","statementMap":{},"fnMap":{},"branchMap":{},"s":{},"f":{},"b":{}}
,"C:\\Users\\StolSakh2\\dev\\stellar-burger\\src\\components\\ui\\app-header\\type.ts": {"path":"C:\\Users\\StolSakh2\\dev\\stellar-burger\\src\\components\\ui\\app-header\\type.ts","statementMap":{},"fnMap":{},"branchMap":{},"s":{},"f":{},"b":{}}
,"C:\\Users\\StolSakh2\\dev\\stellar-burger\\src\\components\\ui\\burger-constructor\\burger-constructor.tsx": {"path":"C:\\Users\\StolSakh2\\dev\\stellar-burger\\src\\components\\ui\\burger-constructor\\burger-constructor.tsx","statementMap":{"0":{"start":{"line":13,"column":65},"end":{"line":106,"column":1}},"1":{"start":{"line":21,"column":2},"end":{"line":105,"column":12}},"2":{"start":{"line":44,"column":12},"end":{"line":49,"column":14}}},"fnMap":{"0":{"name":"(anonymous_0)","decl":{"start":{"line":13,"column":65},"end":{"line":13,"column":66}},"loc":{"start":{"line":21,"column":2},"end":{"line":105,"column":12}},"line":21},"1":{"name":"(anonymous_1)","decl":{"start":{"line":43,"column":10},"end":{"line":43,"column":11}},"loc":{"start":{"line":44,"column":12},"end":{"line":49,"column":14}},"line":44}},"branchMap":{"0":{"loc":{"start":{"line":22,"column":5},"end":{"line":39,"column":5}},"type":"cond-expr","locations":[{"start":{"line":23,"column":6},"end":{"line":31,"column":12}},{"start":{"line":33,"column":6},"end":{"line":38,"column":12}}],"line":22},"1":{"loc":{"start":{"line":41,"column":7},"end":{"line":58,"column":7}},"type":"cond-expr","locations":[{"start":{"line":42,"column":8},"end":{"line":51,"column":9}},{"start":{"line":53,"column":8},"end":{"line":57,"column":14}}],"line":41},"2":{"loc":{"start":{"line":60,"column":5},"end":{"line":76,"column":5}},"type":"cond-expr","locations":[{"start":{"line":61,"column":6},"end":{"line":69,"column":12}},{"start":{"line":71,"column":6},"end":{"line":75,"column":12}}],"line":60},"3":{"loc":{"start":{"line":91,"column":5},"end":{"line":95,"column":5}},"type":"binary-expr","locations":[{"start":{"line":91,"column":5},"end":{"line":91,"column":17}},{"start":{"line":92,"column":6},"end":{"line":94,"column":14}}],"line":91},"4":{"loc":{"start":{"line":97,"column":5},"end":{"line":104,"column":5}},"type":"binary-expr","locations":[{"start":{"line":97,"column":5},"end":{"line":97,"column":19}},{"start":{"line":98,"column":6},"end":{"line":103,"column":14}}],"line":97},"5":{"loc":{"start":{"line":100,"column":15},"end":{"line":100,"column":55}},"type":"cond-expr","locations":[{"start":{"line":100,"column":30},"end":{"line":100,"column":50}},{"start":{"line":100,"column":53},"end":{"line":100,"column":55}}],"line":100}},"s":{"0":0,"1":0,"2":0},"f":{"0":0,"1":0},"b":{"0":[0,0],"1":[0,0],"2":[0,0],"3":[0,0],"4":[0,0],"5":[0,0]}}
,"C:\\Users\\StolSakh2\\dev\\stellar-burger\\src\\components\\ui\\burger-constructor\\index.ts": {"path":"C:\\Users\\StolSakh2\\dev\\stellar-burger\\src\\components\\ui\\burger-constructor\\index.ts","statementMap":{},"fnMap":{},"branchMap":{},"s":{},"f":{},"b":{}}
,"C:\\Users\\StolSakh2\\dev\\stellar-burger\\src\\components\\ui\\burger-constructor\\type.ts": {"path":"C:\\Users\\StolSakh2\\dev\\stellar-burger\\src\\components\\ui\\burger-constructor\\type.ts","statementMap":{},"fnMap":{},"branchMap":{},"s":{},"f":{},"b":{}}
,"C:\\Users\\StolSakh2\\dev\\stellar-burger\\src\\components\\ui\\burger-constructor-element\\burger-constructor-element.tsx": {"path":"C:\\Users\\StolSakh2\\dev\\stellar-burger\\src\\components\\ui\\burger-constructor-element\\burger-constructor-element.tsx","statementMap":{"0":{"start":{"line":8,"column":2},"end":{"line":34,"column":3}},"1":{"start":{"line":17,"column":6},"end":{"line":32,"column":11}}},"fnMap":{"0":{"name":"(anonymous_0)","decl":{"start":{"line":9,"column":4},"end":{"line":9,"column":5}},"loc":{"start":{"line":17,"column":6},"end":{"line":32,"column":11}},"line":17}},"branchMap":{},"s":{"0":0,"1":0},"f":{"0":0},"b":{}}
,"C:\\Users\\StolSakh2\\dev\\stellar-burger\\src\\components\\ui\\burger-constructor-element\\index.ts": {"path":"C:\\Users\\StolSakh2\\dev\\stellar-burger\\src\\components\\ui\\burger-constructor-element\\index.ts","statementMap":{},"fnMap":{},"branchMap":{},"s":{},"f":{},"b":{}}
,"C:\\Users\\StolSakh2\\dev\\stellar-burger\\src\\components\\ui\\burger-constructor-element\\type.ts": {"path":"C:\\Users\\StolSakh2\\dev\\stellar-burger\\src\\components\\ui\\burger-constructor-element\\type.ts","statementMap":{},"fnMap":{},"branchMap":{},"s":{},"f":{},"b":{}}
,"C:\\Users\\StolSakh2\\dev\\stellar-burger\\src\\components\\ui\\burger-ingredient\\burger-ingredient.tsx": {"path":"C:\\Users\\StolSakh2\\dev\\stellar-burger\\src\\components\\ui\\burger-ingredient\\burger-ingredient.tsx","statementMap":{"0":{"start":{"line":13,"column":64},"end":{"line":40,"column":1}},"1":{"start":{"line":15,"column":40},"end":{"line":15,"column":50}},"2":{"start":{"line":17,"column":4},"end":{"line":38,"column":6}}},"fnMap":{"0":{"name":"(anonymous_0)","decl":{"start":{"line":14,"column":2},"end":{"line":14,"column":3}},"loc":{"start":{"line":14,"column":55},"end":{"line":39,"column":3}},"line":14}},"branchMap":{"0":{"loc":{"start":{"line":24,"column":11},"end":{"line":24,"column":45}},"type":"binary-expr","locations":[{"start":{"line":24,"column":11},"end":{"line":24,"column":16}},{"start":{"line":24,"column":20},"end":{"line":24,"column":45}}],"line":24}},"s":{"0":0,"1":0,"2":0},"f":{"0":0},"b":{"0":[0,0]}}
,"C:\\Users\\StolSakh2\\dev\\stellar-burger\\src\\components\\ui\\burger-ingredient\\index.ts": {"path":"C:\\Users\\StolSakh2\\dev\\stellar-burger\\src\\components\\ui\\burger-ingredient\\index.ts","statementMap":{},"fnMap":{},"branchMap":{},"s":{},"f":{},"b":{}}
,"C:\\Users\\StolSakh2\\dev\\stellar-burger\\src\\components\\ui\\burger-ingredient\\type.ts": {"path":"C:\\Users\\StolSakh2\\dev\\stellar-burger\\src\\components\\ui\\burger-ingredient\\type.ts","statementMap":{},"fnMap":{},"branchMap":{},"s":{},"f":{},"b":{}}
,"C:\\Users\\StolSakh2\\dev\\stellar-burger\\src\\components\\ui\\burger-ingredients\\burger-ingredients.tsx": {"path":"C:\\Users\\StolSakh2\\dev\\stellar-burger\\src\\components\\ui\\burger-ingredients\\burger-ingredients.tsx","statementMap":{"0":{"start":{"line":8,"column":65},"end":{"line":68,"column":1}},"1":{"start":{"line":22,"column":4},"end":{"line":66,"column":7}}},"fnMap":{"0":{"name":"(anonymous_0)","decl":{"start":{"line":9,"column":2},"end":{"line":9,"column":3}},"loc":{"start":{"line":22,"column":4},"end":{"line":66,"column":7}},"line":22}},"branchMap":{},"s":{"0":0,"1":0},"f":{"0":0},"b":{}}
,"C:\\Users\\StolSakh2\\dev\\stellar-burger\\src\\components\\ui\\burger-ingredients\\index.ts": {"path":"C:\\Users\\StolSakh2\\dev\\stellar-burger\\src\\components\\ui\\burger-ingredients\\index.ts","statementMap":{},"fnMap":{},"branchMap":{},"s":{},"f":{},"b":{}}
,"C:\\Users\\StolSakh2\\dev\\stellar-burger\\src\\components\\ui\\burger-ingredients\\type.ts": {"path":"C:\\Users\\StolSakh2\\dev\\stellar-burger\\src\\components\\ui\\burger-ingredients\\type.ts","statementMap":{},"fnMap":{},"branchMap":{},"s":{},"f":{},"b":{}}
,"C:\\Users\\StolSakh2\\dev\\stellar-burger\\src\\components\\ui\\feed-info\\feed-info.tsx": {"path":"C:\\Users\\StolSakh2\\dev\\stellar-burger\\src\\components\\ui\\feed-info\\feed-info.tsx","statementMap":{"0":{"start":{"line":7,"column":47},"end":{"line":26,"column":1}},"1":{"start":{"line":9,"column":34},"end":{"line":9,"column":38}},"2":{"start":{"line":11,"column":4},"end":{"line":24,"column":6}},"3":{"start":{"line":28,"column":40},"end":{"line":43,"column":1}},"4":{"start":{"line":29,"column":2},"end":{"line":42,"column":8}},"5":{"start":{"line":33,"column":8},"end":{"line":39,"column":13}},"6":{"start":{"line":45,"column":33},"end":{"line":52,"column":1}},"7":{"start":{"line":46,"column":2},"end":{"line":51,"column":5}}},"fnMap":{"0":{"name":"(anonymous_0)","decl":{"start":{"line":8,"column":2},"end":{"line":8,"column":3}},"loc":{"start":{"line":8,"column":44},"end":{"line":25,"column":3}},"line":8},"1":{"name":"(anonymous_1)","decl":{"start":{"line":28,"column":40},"end":{"line":28,"column":41}},"loc":{"start":{"line":29,"column":2},"end":{"line":42,"column":8}},"line":29},"2":{"name":"(anonymous_2)","decl":{"start":{"line":32,"column":18},"end":{"line":32,"column":19}},"loc":{"start":{"line":33,"column":8},"end":{"line":39,"column":13}},"line":33},"3":{"name":"(anonymous_3)","decl":{"start":{"line":45,"column":33},"end":{"line":45,"column":34}},"loc":{"start":{"line":46,"column":2},"end":{"line":51,"column":5}},"line":46}},"branchMap":{"0":{"loc":{"start":{"line":35,"column":26},"end":{"line":35,"column":70}},"type":"cond-expr","locations":[{"start":{"line":35,"column":49},"end":{"line":35,"column":58}},{"start":{"line":35,"column":61},"end":{"line":35,"column":70}}],"line":35}},"s":{"0":0,"1":0,"2":0,"3":0,"4":0,"5":0,"6":0,"7":0},"f":{"0":0,"1":0,"2":0,"3":0},"b":{"0":[0,0]}}
,"C:\\Users\\StolSakh2\\dev\\stellar-burger\\src\\components\\ui\\feed-info\\index.ts": {"path":"C:\\Users\\StolSakh2\\dev\\stellar-burger\\src\\components\\ui\\feed-info\\index.ts","statementMap":{},"fnMap":{},"branchMap":{},"s":{},"f":{},"b":{}}
,"C:\\Users\\StolSakh2\\dev\\stellar-burger\\src\\components\\ui\\feed-info\\type.ts": {"path":"C:\\Users\\StolSakh2\\dev\\stellar-burger\\src\\components\\ui\\feed-info\\type.ts","statementMap":{},"fnMap":{},"branchMap":{},"s":{},"f":{},"b":{}}
,"C:\\Users\\StolSakh2\\dev\\stellar-burger\\src\\components\\ui\\ingredient-details\\index.ts": {"path":"C:\\Users\\StolSakh2\\dev\\stellar-burger\\src\\components\\ui\\ingredient-details\\index.ts","statementMap":{},"fnMap":{},"branchMap":{},"s":{},"f":{},"b":{}}
,"C:\\Users\\StolSakh2\\dev\\stellar-burger\\src\\components\\ui\\ingredient-details\\ingredient-details.tsx": {"path":"C:\\Users\\StolSakh2\\dev\\stellar-burger\\src\\components\\ui\\ingredient-details\\ingredient-details.tsx","statementMap":{"0":{"start":{"line":5,"column":65},"end":{"line":39,"column":1}},"1":{"start":{"line":8,"column":6},"end":{"line":8,"column":20}},"2":{"start":{"line":10,"column":4},"end":{"line":37,"column":6}}},"fnMap":{"0":{"name":"(anonymous_0)","decl":{"start":{"line":6,"column":2},"end":{"line":6,"column":3}},"loc":{"start":{"line":6,"column":26},"end":{"line":38,"column":3}},"line":6}},"branchMap":{},"s":{"0":0,"1":0,"2":0},"f":{"0":0},"b":{}}
,"C:\\Users\\StolSakh2\\dev\\stellar-burger\\src\\components\\ui\\ingredient-details\\type.ts": {"path":"C:\\Users\\StolSakh2\\dev\\stellar-burger\\src\\components\\ui\\ingredient-details\\type.ts","statementMap":{},"fnMap":{},"branchMap":{},"s":{},"f":{},"b":{}}
,"C:\\Users\\StolSakh2\\dev\\stellar-burger\\src\\components\\ui\\ingredients-category\\index.ts": {"path":"C:\\Users\\StolSakh2\\dev\\stellar-burger\\src\\components\\ui\\ingredients-category\\index.ts","statementMap":{},"fnMap":{},"branchMap":{},"s":{},"f":{},"b":{}}
,"C:\\Users\\StolSakh2\\dev\\stellar-burger\\src\\components\\ui\\ingredients-category\\ingredients-category.tsx": {"path":"C:\\Users\\StolSakh2\\dev\\stellar-burger\\src\\components\\ui\\ingredients-category\\ingredients-category.tsx","statementMap":{"0":{"start":{"line":6,"column":37},"end":{"line":24,"column":2}},"1":{"start":{"line":10,"column":2},"end":{"line":23,"column":5}},"2":{"start":{"line":16,"column":8},"end":{"line":20,"column":10}}},"fnMap":{"0":{"name":"(anonymous_0)","decl":{"start":{"line":9,"column":2},"end":{"line":9,"column":3}},"loc":{"start":{"line":10,"column":2},"end":{"line":23,"column":5}},"line":10},"1":{"name":"(anonymous_1)","decl":{"start":{"line":15,"column":23},"end":{"line":15,"column":24}},"loc":{"start":{"line":16,"column":8},"end":{"line":20,"column":10}},"line":16}},"branchMap":{},"s":{"0":0,"1":0,"2":0},"f":{"0":0,"1":0},"b":{}}
,"C:\\Users\\StolSakh2\\dev\\stellar-burger\\src\\components\\ui\\ingredients-category\\type.ts": {"path":"C:\\Users\\StolSakh2\\dev\\stellar-burger\\src\\components\\ui\\ingredients-category\\type.ts","statementMap":{},"fnMap":{},"branchMap":{},"s":{},"f":{},"b":{}}
,"C:\\Users\\StolSakh2\\dev\\stellar-burger\\src\\components\\ui\\modal\\index.ts": {"path":"C:\\Users\\StolSakh2\\dev\\stellar-burger\\src\\components\\ui\\modal\\index.ts","statementMap":{},"fnMap":{},"branchMap":{},"s":{},"f":{},"b":{}}
,"C:\\Users\\StolSakh2\\dev\\stellar-burger\\src\\components\\ui\\modal\\modal.tsx": {"path":"C:\\Users\\StolSakh2\\dev\\stellar-burger\\src\\components\\ui\\modal\\modal.tsx","statementMap":{"0":{"start":{"line":9,"column":42},"end":{"line":26,"column":1}},"1":{"start":{"line":11,"column":4},"end":{"line":24,"column":7}}},"fnMap":{"0":{"name":"(anonymous_0)","decl":{"start":{"line":10,"column":2},"end":{"line":10,"column":3}},"loc":{"start":{"line":11,"column":4},"end":{"line":24,"column":7}},"line":11}},"branchMap":{},"s":{"0":0,"1":0},"f":{"0":0},"b":{}}
,"C:\\Users\\StolSakh2\\dev\\stellar-burger\\src\\components\\ui\\modal\\type.ts": {"path":"C:\\Users\\StolSakh2\\dev\\stellar-burger\\src\\components\\ui\\modal\\type.ts","statementMap":{},"fnMap":{},"branchMap":{},"s":{},"f":{},"b":{}}
,"C:\\Users\\StolSakh2\\dev\\stellar-burger\\src\\components\\ui\\modal-overlay\\index.ts": {"path":"C:\\Users\\StolSakh2\\dev\\stellar-burger\\src\\components\\ui\\modal-overlay\\index.ts","statementMap":{},"fnMap":{},"branchMap":{},"s":{},"f":{},"b":{}}
,"C:\\Users\\StolSakh2\\dev\\stellar-burger\\src\\components\\ui\\modal-overlay\\modal-overlay.tsx": {"path":"C:\\Users\\StolSakh2\\dev\\stellar-burger\\src\\components\\ui\\modal-overlay\\modal-overlay.tsx","statementMap":{"0":{"start":{"line":3,"column":30},"end":{"line":5,"column":1}},"1":{"start":{"line":4,"column":2},"end":{"line":4,"column":54}}},"fnMap":{"0":{"name":"(anonymous_0)","decl":{"start":{"line":3,"column":30},"end":{"line":3,"column":31}},"loc":{"start":{"line":4,"column":2},"end":{"line":4,"column":54}},"line":4}},"branchMap":{},"s":{"0":0,"1":0},"f":{"0":0},"b":{}}
,"C:\\Users\\StolSakh2\\dev\\stellar-burger\\src\\components\\ui\\order-card\\index.ts": {"path":"C:\\Users\\StolSakh2\\dev\\stellar-burger\\src\\components\\ui\\order-card\\index.ts","statementMap":{},"fnMap":{},"branchMap":{},"s":{},"f":{},"b":{}}
,"C:\\Users\\StolSakh2\\dev\\stellar-burger\\src\\components\\ui\\order-card\\order-card.tsx": {"path":"C:\\Users\\StolSakh2\\dev\\stellar-burger\\src\\components\\ui\\order-card\\order-card.tsx","statementMap":{"0":{"start":{"line":13,"column":49},"end":{"line":79,"column":1}},"1":{"start":{"line":15,"column":4},"end":{"line":77,"column":11}},"2":{"start":{"line":38,"column":25},"end":{"line":38,"column":47}},"3":{"start":{"line":39,"column":24},"end":{"line":39,"column":34}},"4":{"start":{"line":40,"column":12},"end":{"line":65,"column":14}}},"fnMap":{"0":{"name":"(anonymous_0)","decl":{"start":{"line":14,"column":2},"end":{"line":14,"column":3}},"loc":{"start":{"line":15,"column":4},"end":{"line":77,"column":11}},"line":15},"1":{"name":"(anonymous_1)","decl":{"start":{"line":37,"column":43},"end":{"line":37,"column":44}},"loc":{"start":{"line":37,"column":66},"end":{"line":66,"column":11}},"line":37}},"branchMap":{"0":{"loc":{"start":{"line":32,"column":7},"end":{"line":34,"column":7}},"type":"binary-expr","locations":[{"start":{"line":32,"column":7},"end":{"line":32,"column":46}},{"start":{"line":33,"column":8},"end":{"line":33,"column":49}}],"line":32},"1":{"loc":{"start":{"line":49,"column":22},"end":{"line":51,"column":29}},"type":"cond-expr","locations":[{"start":{"line":50,"column":26},"end":{"line":50,"column":31}},{"start":{"line":51,"column":26},"end":{"line":51,"column":29}}],"line":49},"2":{"loc":{"start":{"line":49,"column":22},"end":{"line":49,"column":71}},"type":"binary-expr","locations":[{"start":{"line":49,"column":22},"end":{"line":49,"column":39}},{"start":{"line":49,"column":43},"end":{"line":49,"column":71}}],"line":49},"3":{"loc":{"start":{"line":57,"column":17},"end":{"line":63,"column":24}},"type":"cond-expr","locations":[{"start":{"line":58,"column":18},"end":{"line":62,"column":25}},{"start":{"line":63,"column":20},"end":{"line":63,"column":24}}],"line":57},"4":{"loc":{"start":{"line":61,"column":21},"end":{"line":61,"column":75}},"type":"cond-expr","locations":[{"start":{"line":61,"column":45},"end":{"line":61,"column":68}},{"start":{"line":61,"column":71},"end":{"line":61,"column":75}}],"line":61}},"s":{"0":0,"1":0,"2":0,"3":0,"4":0},"f":{"0":0,"1":0},"b":{"0":[0,0],"1":[0,0],"2":[0,0],"3":[0,0],"4":[0,0]}}
,"C:\\Users\\StolSakh2\\dev\\stellar-burger\\src\\components\\ui\\order-card\\type.ts": {"path":"C:\\Users\\StolSakh2\\dev\\stellar-burger\\src\\components\\ui\\order-card\\type.ts","statementMap":{},"fnMap":{},"branchMap":{},"s":{},"f":{},"b":{}}
,"C:\\Users\\StolSakh2\\dev\\stellar-burger\\src\\components\\ui\\order-details\\index.ts": {"path":"C:\\Users\\StolSakh2\\dev\\stellar-burger\\src\\components\\ui\\order-details\\index.ts","statementMap":{},"fnMap":{},"branchMap":{},"s":{},"f":{},"b":{}}
,"C:\\Users\\StolSakh2\\dev\\stellar-burger\\src\\components\\ui\\order-details\\order-details.tsx": {"path":"C:\\Users\\StolSakh2\\dev\\stellar-burger\\src\\components\\ui\\order-details\\order-details.tsx","statementMap":{"0":{"start":{"line":7,"column":61},"end":{"line":30,"column":1}},"1":{"start":{"line":10,"column":2},"end":{"line":29,"column":5}}},"fnMap":{"0":{"name":"(anonymous_0)","decl":{"start":{"line":7,"column":61},"end":{"line":7,"column":62}},"loc":{"start":{"line":10,"column":2},"end":{"line":29,"column":5}},"line":10}},"branchMap":{},"s":{"0":0,"1":0},"f":{"0":0},"b":{}}
,"C:\\Users\\StolSakh2\\dev\\stellar-burger\\src\\components\\ui\\order-details\\type.ts": {"path":"C:\\Users\\StolSakh2\\dev\\stellar-burger\\src\\components\\ui\\order-details\\type.ts","statementMap":{},"fnMap":{},"branchMap":{},"s":{},"f":{},"b":{}}
,"C:\\Users\\StolSakh2\\dev\\stellar-burger\\src\\components\\ui\\order-info\\index.ts": {"path":"C:\\Users\\StolSakh2\\dev\\stellar-burger\\src\\components\\ui\\order-info\\index.ts","statementMap":{},"fnMap":{},"branchMap":{},"s":{},"f":{},"b":{}}
,"C:\\Users\\StolSakh2\\dev\\stellar-burger\\src\\components\\ui\\order-info\\order-info.tsx": {"path":"C:\\Users\\StolSakh2\\dev\\stellar-burger\\src\\components\\ui\\order-info\\order-info.tsx","statementMap":{"0":{"start":{"line":12,"column":49},"end":{"line":51,"column":2}},"1":{"start":{"line":13,"column":2},"end":{"line":50,"column":8}},"2":{"start":{"line":21,"column":8},"end":{"line":38,"column":13}}},"fnMap":{"0":{"name":"(anonymous_0)","decl":{"start":{"line":12,"column":54},"end":{"line":12,"column":55}},"loc":{"start":{"line":13,"column":2},"end":{"line":50,"column":8}},"line":13},"1":{"name":"(anonymous_1)","decl":{"start":{"line":20,"column":52},"end":{"line":20,"column":53}},"loc":{"start":{"line":21,"column":8},"end":{"line":38,"column":13}},"line":21}},"branchMap":{},"s":{"0":0,"1":0,"2":0},"f":{"0":0,"1":0},"b":{}}
,"C:\\Users\\StolSakh2\\dev\\stellar-burger\\src\\components\\ui\\order-info\\type.ts": {"path":"C:\\Users\\StolSakh2\\dev\\stellar-burger\\src\\components\\ui\\order-info\\type.ts","statementMap":{},"fnMap":{},"branchMap":{},"s":{},"f":{},"b":{}}
,"C:\\Users\\StolSakh2\\dev\\stellar-burger\\src\\components\\ui\\order-status\\index.ts": {"path":"C:\\Users\\StolSakh2\\dev\\stellar-burger\\src\\components\\ui\\order-status\\index.ts","statementMap":{},"fnMap":{},"branchMap":{},"s":{},"f":{},"b":{}}
,"C:\\Users\\StolSakh2\\dev\\stellar-burger\\src\\components\\ui\\order-status\\order-status.tsx": {"path":"C:\\Users\\StolSakh2\\dev\\stellar-burger\\src\\components\\ui\\order-status\\order-status.tsx","statementMap":{"0":{"start":{"line":4,"column":53},"end":{"line":11,"column":1}},"1":{"start":{"line":5,"column":2},"end":{"line":10,"column":9}}},"fnMap":{"0":{"name":"(anonymous_0)","decl":{"start":{"line":4,"column":53},"end":{"line":4,"column":54}},"loc":{"start":{"line":5,"column":2},"end":{"line":10,"column":9}},"line":5}},"branchMap":{},"s":{"0":0,"1":0},"f":{"0":0},"b":{}}
,"C:\\Users\\StolSakh2\\dev\\stellar-burger\\src\\components\\ui\\order-status\\type.ts": {"path":"C:\\Users\\StolSakh2\\dev\\stellar-burger\\src\\components\\ui\\order-status\\type.ts","statementMap":{},"fnMap":{},"branchMap":{},"s":{},"f":{},"b":{}}
,"C:\\Users\\StolSakh2\\dev\\stellar-burger\\src\\components\\ui\\orders-list\\index.ts": {"path":"C:\\Users\\StolSakh2\\dev\\stellar-burger\\src\\components\\ui\\orders-list\\index.ts","statementMap":{},"fnMap":{},"branchMap":{},"s":{},"f":{},"b":{}}
,"C:\\Users\\StolSakh2\\dev\\stellar-burger\\src\\components\\ui\\orders-list\\orders-list.tsx": {"path":"C:\\Users\\StolSakh2\\dev\\stellar-burger\\src\\components\\ui\\orders-list\\orders-list.tsx","statementMap":{"0":{"start":{"line":8,"column":51},"end":{"line":14,"column":1}},"1":{"start":{"line":9,"column":2},"end":{"line":13,"column":8}},"2":{"start":{"line":11,"column":6},"end":{"line":11,"column":49}}},"fnMap":{"0":{"name":"(anonymous_0)","decl":{"start":{"line":8,"column":51},"end":{"line":8,"column":52}},"loc":{"start":{"line":9,"column":2},"end":{"line":13,"column":8}},"line":9},"1":{"name":"(anonymous_1)","decl":{"start":{"line":10,"column":21},"end":{"line":10,"column":22}},"loc":{"start":{"line":11,"column":6},"end":{"line":11,"column":49}},"line":11}},"branchMap":{},"s":{"0":0,"1":0,"2":0},"f":{"0":0,"1":0},"b":{}}
,"C:\\Users\\StolSakh2\\dev\\stellar-burger\\src\\components\\ui\\orders-list\\type.ts": {"path":"C:\\Users\\StolSakh2\\dev\\stellar-burger\\src\\components\\ui\\orders-list\\type.ts","statementMap":{},"fnMap":{},"branchMap":{},"s":{},"f":{},"b":{}}
,"C:\\Users\\StolSakh2\\dev\\stellar-burger\\src\\components\\ui\\pages\\common-type.ts": {"path":"C:\\Users\\StolSakh2\\dev\\stellar-burger\\src\\components\\ui\\pages\\common-type.ts","statementMap":{},"fnMap":{},"branchMap":{},"s":{},"f":{},"b":{}}
,"C:\\Users\\StolSakh2\\dev\\stellar-burger\\src\\components\\ui\\pages\\index.ts": {"path":"C:\\Users\\StolSakh2\\dev\\stellar-burger\\src\\components\\ui\\pages\\index.ts","statementMap":{},"fnMap":{},"branchMap":{},"s":{},"f":{},"b":{}}
,"C:\\Users\\StolSakh2\\dev\\stellar-burger\\src\\components\\ui\\pages\\constructor-page\\constructor-page.tsx": {"path":"C:\\Users\\StolSakh2\\dev\\stellar-burger\\src\\components\\ui\\pages\\constructor-page\\constructor-page.tsx","statementMap":{"0":{"start":{"line":9,"column":61},"end":{"line":29,"column":1}},"1":{"start":{"line":12,"column":2},"end":{"line":28,"column":5}}},"fnMap":{"0":{"name":"(anonymous_0)","decl":{"start":{"line":9,"column":61},"end":{"line":9,"column":62}},"loc":{"start":{"line":12,"column":2},"end":{"line":28,"column":5}},"line":12}},"branchMap":{"0":{"loc":{"start":{"line":13,"column":5},"end":{"line":27,"column":5}},"type":"cond-expr","locations":[{"start":{"line":14,"column":6},"end":{"line":14,"column":19}},{"start":{"line":16,"column":6},"end":{"line":26,"column":13}}],"line":13}},"s":{"0":0,"1":0},"f":{"0":0},"b":{"0":[0,0]}}
,"C:\\Users\\StolSakh2\\dev\\stellar-burger\\src\\components\\ui\\pages\\constructor-page\\index.ts": {"path":"C:\\Users\\StolSakh2\\dev\\stellar-burger\\src\\components\\ui\\pages\\constructor-page\\index.ts","statementMap":{},"fnMap":{},"branchMap":{},"s":{},"f":{},"b":{}}
,"C:\\Users\\StolSakh2\\dev\\stellar-burger\\src\\components\\ui\\pages\\constructor-page\\type.ts": {"path":"C:\\Users\\StolSakh2\\dev\\stellar-burger\\src\\components\\ui\\pages\\constructor-page\\type.ts","statementMap":{},"fnMap":{},"branchMap":{},"s":{},"f":{},"b":{}}
,"C:\\Users\\StolSakh2\\dev\\stellar-burger\\src\\components\\ui\\pages\\feed\\feed.tsx": {"path":"C:\\Users\\StolSakh2\\dev\\stellar-burger\\src\\components\\ui\\pages\\feed\\feed.tsx","statementMap":{"0":{"start":{"line":9,"column":39},"end":{"line":30,"column":2}},"1":{"start":{"line":10,"column":2},"end":{"line":29,"column":9}}},"fnMap":{"0":{"name":"(anonymous_0)","decl":{"start":{"line":9,"column":44},"end":{"line":9,"column":45}},"loc":{"start":{"line":10,"column":2},"end":{"line":29,"column":9}},"line":10}},"branchMap":{},"s":{"0":0,"1":0},"f":{"0":0},"b":{}}
,"C:\\Users\\StolSakh2\\dev\\stellar-burger\\src\\components\\ui\\pages\\feed\\index.ts": {"path":"C:\\Users\\StolSakh2\\dev\\stellar-burger\\src\\components\\ui\\pages\\feed\\index.ts","statementMap":{},"fnMap":{},"branchMap":{},"s":{},"f":{},"b":{}}
,"C:\\Users\\StolSakh2\\dev\\stellar-burger\\src\\components\\ui\\pages\\feed\\type.ts": {"path":"C:\\Users\\StolSakh2\\dev\\stellar-burger\\src\\components\\ui\\pages\\feed\\type.ts","statementMap":{},"fnMap":{},"branchMap":{},"s":{},"f":{},"b":{}}
,"C:\\Users\\StolSakh2\\dev\\stellar-burger\\src\\components\\ui\\pages\\forgot-password\\forgot-password.tsx": {"path":"C:\\Users\\StolSakh2\\dev\\stellar-burger\\src\\components\\ui\\pages\\forgot-password\\forgot-password.tsx","statementMap":{"0":{"start":{"line":8,"column":49},"end":{"line":53,"column":1}},"1":{"start":{"line":14,"column":2},"end":{"line":52,"column":9}},"2":{"start":{"line":26,"column":29},"end":{"line":26,"column":53}}},"fnMap":{"0":{"name":"(anonymous_0)","decl":{"start":{"line":8,"column":49},"end":{"line":8,"column":50}},"loc":{"start":{"line":14,"column":2},"end":{"line":52,"column":9}},"line":14},"1":{"name":"(anonymous_1)","decl":{"start":{"line":26,"column":22},"end":{"line":26,"column":23}},"loc":{"start":{"line":26,"column":29},"end":{"line":26,"column":53}},"line":26}},"branchMap":{"0":{"loc":{"start":{"line":39,"column":9},"end":{"line":43,"column":9}},"type":"binary-expr","locations":[{"start":{"line":39,"column":9},"end":{"line":39,"column":18}},{"start":{"line":40,"column":10},"end":{"line":42,"column":14}}],"line":39}},"s":{"0":0,"1":0,"2":0},"f":{"0":0,"1":0},"b":{"0":[0,0]}}
,"C:\\Users\\StolSakh2\\dev\\stellar-burger\\src\\components\\ui\\pages\\forgot-password\\index.ts": {"path":"C:\\Users\\StolSakh2\\dev\\stellar-burger\\src\\components\\ui\\pages\\forgot-password\\index.ts","statementMap":{},"fnMap":{},"branchMap":{},"s":{},"f":{},"b":{}}
,"C:\\Users\\StolSakh2\\dev\\stellar-burger\\src\\components\\ui\\pages\\login\\index.ts": {"path":"C:\\Users\\StolSakh2\\dev\\stellar-burger\\src\\components\\ui\\pages\\login\\index.ts","statementMap":{},"fnMap":{},"branchMap":{},"s":{},"f":{},"b":{}}
,"C:\\Users\\StolSakh2\\dev\\stellar-burger\\src\\components\\ui\\pages\\login\\login.tsx": {"path":"C:\\Users\\StolSakh2\\dev\\stellar-burger\\src\\components\\ui\\pages\\login\\login.tsx","statementMap":{"0":{"start":{"line":11,"column":41},"end":{"line":73,"column":1}},"1":{"start":{"line":19,"column":2},"end":{"line":72,"column":9}},"2":{"start":{"line":32,"column":31},"end":{"line":32,"column":55}},"3":{"start":{"line":42,"column":31},"end":{"line":42,"column":58}}},"fnMap":{"0":{"name":"(anonymous_0)","decl":{"start":{"line":11,"column":41},"end":{"line":11,"column":42}},"loc":{"start":{"line":19,"column":2},"end":{"line":72,"column":9}},"line":19},"1":{"name":"(anonymous_1)","decl":{"start":{"line":32,"column":24},"end":{"line":32,"column":25}},"loc":{"start":{"line":32,"column":31},"end":{"line":32,"column":55}},"line":32},"2":{"name":"(anonymous_2)","decl":{"start":{"line":42,"column":24},"end":{"line":42,"column":25}},"loc":{"start":{"line":42,"column":31},"end":{"line":42,"column":58}},"line":42}},"branchMap":{"0":{"loc":{"start":{"line":52,"column":11},"end":{"line":56,"column":11}},"type":"binary-expr","locations":[{"start":{"line":52,"column":11},"end":{"line":52,"column":20}},{"start":{"line":53,"column":12},"end":{"line":55,"column":16}}],"line":52}},"s":{"0":0,"1":0,"2":0,"3":0},"f":{"0":0,"1":0,"2":0},"b":{"0":[0,0]}}
,"C:\\Users\\StolSakh2\\dev\\stellar-burger\\src\\components\\ui\\pages\\login\\type.ts": {"path":"C:\\Users\\StolSakh2\\dev\\stellar-burger\\src\\components\\ui\\pages\\login\\type.ts","statementMap":{},"fnMap":{},"branchMap":{},"s":{},"f":{},"b":{}}
,"C:\\Users\\StolSakh2\\dev\\stellar-burger\\src\\components\\ui\\pages\\profile\\index.ts": {"path":"C:\\Users\\StolSakh2\\dev\\stellar-burger\\src\\components\\ui\\pages\\profile\\index.ts","statementMap":{},"fnMap":{},"branchMap":{},"s":{},"f":{},"b":{}}
[...]
,"C:\\Users\\StolSakh2\\dev\\stellar-burger\\src\\utils\\burger-api.ts": {"path":"C:\\Users\\StolSakh2\\dev\\stellar-burger\\src\\utils\\burger-api.ts","statementMap":{"0":{"start":{"line":4,"column":12},"end":{"line":4,"column":38}},"1":{"start":{"line":6,"column":22},"end":{"line":7,"column":69}},"2":{"start":{"line":7,"column":2},"end":{"line":7,"column":69}},"3":{"start":{"line":7,"column":49},"end":{"line":7,"column":68}},"4":{"start":{"line":18,"column":28},"end":{"line":36,"column":6}},"5":{"start":{"line":19,"column":2},"end":{"line":36,"column":6}},"6":{"start":{"line":28,"column":19},"end":{"line":28,"column":55}},"7":{"start":{"line":30,"column":6},"end":{"line":32,"column":7}},"8":{"start":{"line":31,"column":8},"end":{"line":31,"column":43}},"9":{"start":{"line":33,"column":6},"end":{"line":33,"column":69}},"10":{"start":{"line":34,"column":6},"end":{"line":34,"column":56}},"11":{"start":{"line":35,"column":6},"end":{"line":35,"column":25}},"12":{"start":{"line":38,"column":32},"end":{"line":58,"column":1}},"13":{"start":{"line":42,"column":2},"end":{"line":57,"column":3}},"14":{"start":{"line":43,"column":16},"end":{"line":43,"column":41}},"15":{"start":{"line":44,"column":4},"end":{"line":44,"column":39}},"16":{"start":{"line":46,"column":4},"end":{"line":56,"column":5}},"17":{"start":{"line":47,"column":26},"end":{"line":47,"column":46}},"18":{"start":{"line":48,"column":6},"end":{"line":51,"column":7}},"19":{"start":{"line":49,"column":8},"end":{"line":50,"column":34}},"20":{"start":{"line":52,"column":18},"end":{"line":52,"column":43}},"21":{"start":{"line":53,"column":6},"end":{"line":53,"column":41}},"22":{"start":{"line":55,"column":6},"end":{"line":55,"column":33}},"23":{"start":{"line":74,"column":33},"end":{"line":80,"column":6}},"24":{"start":{"line":75,"column":2},"end":{"line":80,"column":6}},"25":{"start":{"line":76,"column":19},"end":{"line":76,"column":59}},"26":{"start":{"line":78,"column":6},"end":{"line":78,"column":42}},"27":{"start":{"line":78,"column":25},"end":{"line":78,"column":42}},"28":{"start":{"line":79,"column":6},"end":{"line":79,"column":34}},"29":{"start":{"line":82,"column":27},"end":{"line":88,"column":6}},"30":{"start":{"line":83,"column":2},"end":{"line":88,"column":6}},"31":{"start":{"line":84,"column":19},"end":{"line":84,"column":53}},"32":{"start":{"line":86,"column":6},"end":{"line":86,"column":37}},"33":{"start":{"line":86,"column":25},"end":{"line":86,"column":37}},"34":{"start":{"line":87,"column":6},"end":{"line":87,"column":34}},"35":{"start":{"line":90,"column":28},"end":{"line":100,"column":4}},"36":{"start":{"line":91,"column":2},"end":{"line":100,"column":4}},"37":{"start":{"line":98,"column":4},"end":{"line":98,"column":42}},"38":{"start":{"line":98,"column":23},"end":{"line":98,"column":42}},"39":{"start":{"line":99,"column":4},"end":{"line":99,"column":32}},"40":{"start":{"line":107,"column":30},"end":{"line":120,"column":4}},"41":{"start":{"line":108,"column":2},"end":{"line":120,"column":4}},"42":{"start":{"line":118,"column":4},"end":{"line":118,"column":35}},"43":{"start":{"line":118,"column":23},"end":{"line":118,"column":35}},"44":{"start":{"line":119,"column":4},"end":{"line":119,"column":32}},"45":{"start":{"line":126,"column":35},"end":{"line":132,"column":54}},"46":{"start":{"line":127,"column":2},"end":{"line":132,"column":54}},"47":{"start":{"line":132,"column":19},"end":{"line":132,"column":53}},"48":{"start":{"line":146,"column":31},"end":{"line":158,"column":6}},"49":{"start":{"line":147,"column":2},"end":{"line":158,"column":6}},"50":{"start":{"line":154,"column":19},"end":{"line":154,"column":52}},"51":{"start":{"line":156,"column":6},"end":{"line":156,"column":37}},"52":{"start":{"line":156,"column":25},"end":{"line":156,"column":37}},"53":{"start":{"line":157,"column":6},"end":{"line":157,"column":34}},"54":{"start":{"line":165,"column":28},"end":{"line":177,"column":6}},"55":{"start":{"line":166,"column":2},"end":{"line":177,"column":6}},"56":{"start":{"line":173,"column":19},"end":{"line":173,"column":52}},"57":{"start":{"line":175,"column":6},"end":{"line":175,"column":37}},"58":{"start":{"line":175,"column":25},"end":{"line":175,"column":37}},"59":{"start":{"line":176,"column":6},"end":{"line":176,"column":34}},"60":{"start":{"line":179,"column":33},"end":{"line":191,"column":6}},"61":{"start":{"line":180,"column":2},"end":{"line":191,"column":6}},"62":{"start":{"line":187,"column":19},"end":{"line":187,"column":58}},"63":{"start":{"line":189,"column":6},"end":{"line":189,"column":37}},"64":{"start":{"line":189,"column":25},"end":{"line":189,"column":37}},"65":{"start":{"line":190,"column":6},"end":{"line":190,"column":34}},"66":{"start":{"line":193,"column":32},"end":{"line":205,"column":6}},"67":{"start":{"line":194,"column":2},"end":{"line":205,"column":6}},"68":{"start":{"line":201,"column":19},"end":{"line":201,"column":58}},"69":{"start":{"line":203,"column":6},"end":{"line":203,"column":37}},"70":{"start":{"line":203,"column":25},"end":{"line":203,"column":37}},"71":{"start":{"line":204,"column":6},"end":{"line":204,"column":34}},"72":{"start":{"line":209,"column":26},"end":{"line":214,"column":4}},"73":{"start":{"line":210,"column":2},"end":{"line":214,"column":4}},"74":{"start":{"line":216,"column":29},"end":{"line":224,"column":4}},"75":{"start":{"line":217,"column":2},"end":{"line":224,"column":4}},"76":{"start":{"line":226,"column":25},"end":{"line":235,"column":59}},"77":{"start":{"line":227,"column":2},"end":{"line":235,"column":59}},"78":{"start":{"line":235,"column":19},"end":{"line":235,"column":58}}},"fnMap":{"0":{"name":"(anonymous_0)","decl":{"start":{"line":6,"column":22},"end":{"line":6,"column":23}},"loc":{"start":{"line":7,"column":2},"end":{"line":7,"column":69}},"line":7},"1":{"name":"(anonymous_1)","decl":{"start":{"line":7,"column":40},"end":{"line":7,"column":41}},"loc":{"start":{"line":7,"column":49},"end":{"line":7,"column":68}},"line":7},"2":{"name":"(anonymous_2)","decl":{"start":{"line":18,"column":28},"end":{"line":18,"column":29}},"loc":{"start":{"line":19,"column":2},"end":{"line":36,"column":6}},"line":19},"3":{"name":"(anonymous_3)","decl":{"start":{"line":28,"column":10},"end":{"line":28,"column":11}},"loc":{"start":{"line":28,"column":19},"end":{"line":28,"column":55}},"line":28},"4":{"name":"(anonymous_4)","decl":{"start":{"line":29,"column":10},"end":{"line":29,"column":11}},"loc":{"start":{"line":29,"column":27},"end":{"line":36,"column":5}},"line":29},"5":{"name":"(anonymous_5)","decl":{"start":{"line":38,"column":32},"end":{"line":38,"column":33}},"loc":{"start":{"line":41,"column":5},"end":{"line":58,"column":1}},"line":41},"6":{"name":"(anonymous_6)","decl":{"start":{"line":74,"column":33},"end":{"line":74,"column":34}},"loc":{"start":{"line":75,"column":2},"end":{"line":80,"column":6}},"line":75},"7":{"name":"(anonymous_7)","decl":{"start":{"line":76,"column":10},"end":{"line":76,"column":11}},"loc":{"start":{"line":76,"column":19},"end":{"line":76,"column":59}},"line":76},"8":{"name":"(anonymous_8)","decl":{"start":{"line":77,"column":10},"end":{"line":77,"column":11}},"loc":{"start":{"line":77,"column":20},"end":{"line":80,"column":5}},"line":77},"9":{"name":"(anonymous_9)","decl":{"start":{"line":82,"column":27},"end":{"line":82,"column":28}},"loc":{"start":{"line":83,"column":2},"end":{"line":88,"column":6}},"line":83},"10":{"name":"(anonymous_10)","decl":{"start":{"line":84,"column":10},"end":{"line":84,"column":11}},"loc":{"start":{"line":84,"column":19},"end":{"line":84,"column":53}},"line":84},"11":{"name":"(anonymous_11)","decl":{"start":{"line":85,"column":10},"end":{"line":85,"column":11}},"loc":{"start":{"line":85,"column":20},"end":{"line":88,"column":5}},"line":85},"12":{"name":"(anonymous_12)","decl":{"start":{"line":90,"column":28},"end":{"line":90,"column":29}},"loc":{"start":{"line":91,"column":2},"end":{"line":100,"column":4}},"line":91},"13":{"name":"(anonymous_13)","decl":{"start":{"line":97,"column":10},"end":{"line":97,"column":11}},"loc":{"start":{"line":97,"column":20},"end":{"line":100,"column":3}},"line":97},"14":{"name":"(anonymous_14)","decl":{"start":{"line":107,"column":30},"end":{"line":107,"column":31}},"loc":{"start":{"line":108,"column":2},"end":{"line":120,"column":4}},"line":108},"15":{"name":"(anonymous_15)","decl":{"start":{"line":117,"column":10},"end":{"line":117,"column":11}},"loc":{"start":{"line":117,"column":20},"end":{"line":120,"column":3}},"line":117},"16":{"name":"(anonymous_16)","decl":{"start":{"line":126,"column":35},"end":{"line":126,"column":36}},"loc":{"start":{"line":127,"column":2},"end":{"line":132,"column":54}},"line":127},"17":{"name":"(anonymous_17)","decl":{"start":{"line":132,"column":10},"end":{"line":132,"column":11}},"loc":{"start":{"line":132,"column":19},"end":{"line":132,"column":53}},"line":132},"18":{"name":"(anonymous_18)","decl":{"start":{"line":146,"column":31},"end":{"line":146,"column":32}},"loc":{"start":{"line":147,"column":2},"end":{"line":158,"column":6}},"line":147},"19":{"name":"(anonymous_19)","decl":{"start":{"line":154,"column":10},"end":{"line":154,"column":11}},"loc":{"start":{"line":154,"column":19},"end":{"line":154,"column":52}},"line":154},"20":{"name":"(anonymous_20)","decl":{"start":{"line":155,"column":10},"end":{"line":155,"column":11}},"loc":{"start":{"line":155,"column":20},"end":{"line":158,"column":5}},"line":155},"21":{"name":"(anonymous_21)","decl":{"start":{"line":165,"column":28},"end":{"line":165,"column":29}},"loc":{"start":{"line":166,"column":2},"end":{"line":177,"column":6}},"line":166},"22":{"name":"(anonymous_22)","decl":{"start":{"line":173,"column":10},"end":{"line":173,"column":11}},"loc":{"start":{"line":173,"column":19},"end":{"line":173,"column":52}},"line":173},"23":{"name":"(anonymous_23)","decl":{"start":{"line":174,"column":10},"end":{"line":174,"column":11}},"loc":{"start":{"line":174,"column":20},"end":{"line":177,"column":5}},"line":174},"24":{"name":"(anonymous_24)","decl":{"start":{"line":179,"column":33},"end":{"line":179,"column":34}},"loc":{"start":{"line":180,"column":2},"end":{"line":191,"column":6}},"line":180},"25":{"name":"(anonymous_25)","decl":{"start":{"line":187,"column":10},"end":{"line":187,"column":11}},"loc":{"start":{"line":187,"column":19},"end":{"line":187,"column":58}},"line":187},"26":{"name":"(anonymous_26)","decl":{"start":{"line":188,"column":10},"end":{"line":188,"column":11}},"loc":{"start":{"line":188,"column":20},"end":{"line":191,"column":5}},"line":188},"27":{"name":"(anonymous_27)","decl":{"start":{"line":193,"column":32},"end":{"line":193,"column":33}},"loc":{"start":{"line":194,"column":2},"end":{"line":205,"column":6}},"line":194},"28":{"name":"(anonymous_28)","decl":{"start":{"line":201,"column":10},"end":{"line":201,"column":11}},"loc":{"start":{"line":201,"column":19},"end":{"line":201,"column":58}},"line":201},"29":{"name":"(anonymous_29)","decl":{"start":{"line":202,"column":10},"end":{"line":202,"column":11}},"loc":{"start":{"line":202,"column":20},"end":{"line":205,"column":5}},"line":202},"30":{"name":"(anonymous_30)","decl":{"start":{"line":209,"column":26},"end":{"line":209,"column":27}},"loc":{"start":{"line":210,"column":2},"end":{"line":214,"column":4}},"line":210},"31":{"name":"(anonymous_31)","decl":{"start":{"line":216,"column":29},"end":{"line":216,"column":30}},"loc":{"start":{"line":217,"column":2},"end":{"line":224,"column":4}},"line":217},"32":{"name":"(anonymous_32)","decl":{"start":{"line":226,"column":25},"end":{"line":226,"column":26}},"loc":{"start":{"line":227,"column":2},"end":{"line":235,"column":59}},"line":227},"33":{"name":"(anonymous_33)","decl":{"start":{"line":235,"column":10},"end":{"line":235,"column":11}},"loc":{"start":{"line":235,"column":19},"end":{"line":235,"column":58}},"line":235}},"branchMap":{"0":{"loc":{"start":{"line":7,"column":2},"end":{"line":7,"column":69}},"type":"cond-expr","locations":[{"start":{"line":7,"column":11},"end":{"line":7,"column":21}},{"start":{"line":7,"column":24},"end":{"line":7,"column":69}}],"line":7},"1":{"loc":{"start":{"line":30,"column":6},"end":{"line":32,"column":7}},"type":"if","locations":[{"start":{"line":30,"column":6},"end":{"line":32,"column":7}},{"start":{},"end":{}}],"line":30},"2":{"loc":{"start":{"line":46,"column":4},"end":{"line":56,"column":5}},"type":"if","locations":[{"start":{"line":46,"column":4},"end":{"line":56,"column":5}},{"start":{"line":54,"column":11},"end":{"line":56,"column":5}}],"line":46},"3":{"loc":{"start":{"line":48,"column":6},"end":{"line":51,"column":7}},"type":"if","locations":[{"start":{"line":48,"column":6},"end":{"line":51,"column":7}},{"start":{},"end":{}}],"line":48},"4":{"loc":{"start":{"line":78,"column":6},"end":{"line":78,"column":42}},"type":"if","locations":[{"start":{"line":78,"column":6},"end":{"line":78,"column":42}},{"start":{},"end":{}}],"line":78},"5":{"loc":{"start":{"line":86,"column":6},"end":{"line":86,"column":37}},"type":"if","locations":[{"start":{"line":86,"column":6},"end":{"line":86,"column":37}},{"start":{},"end":{}}],"line":86},"6":{"loc":{"start":{"line":98,"column":4},"end":{"line":98,"column":42}},"type":"if","locations":[{"start":{"line":98,"column":4},"end":{"line":98,"column":42}},{"start":{},"end":{}}],"line":98},"7":{"loc":{"start":{"line":118,"column":4},"end":{"line":118,"column":35}},"type":"if","locations":[{"start":{"line":118,"column":4},"end":{"line":118,"column":35}},{"start":{},"end":{}}],"line":118},"8":{"loc":{"start":{"line":156,"column":6},"end":{"line":156,"column":37}},"type":"if","locations":[{"start":{"line":156,"column":6},"end":{"line":156,"column":37}},{"start":{},"end":{}}],"line":156},"9":{"loc":{"start":{"line":175,"column":6},"end":{"line":175,"column":37}},"type":"if","locations":[{"start":{"line":175,"column":6},"end":{"line":175,"column":37}},{"start":{},"end":{}}],"line":175},"10":{"loc":{"start":{"line":189,"column":6},"end":{"line":189,"column":37}},"type":"if","locations":[{"start":{"line":189,"column":6},"end":{"line":189,"column":37}},{"start":{},"end":{}}],"line":189},"11":{"loc":{"start":{"line":203,"column":6},"end":{"line":203,"column":37}},"type":"if","locations":[{"start":{"line":203,"column":6},"end":{"line":203,"column":37}},{"start":{},"end":{}}],"line":203}},"s":{"0":1,"1":1,"2":0,"3":0,"4":1,"5":0,"6":0,"7":0,"8":0,"9":0,"10":0,"11":0,"12":1,"13":0,"14":0,"15":0,"16":0,"17":0,"18":0,"19":0,"20":0,"21":0,"22":0,"23":1,"24":0,"25":0,"26":0,"27":0,"28":0,"29":1,"30":0,"31":0,"32":0,"33":0,"34":0,"35":1,"36":0,"37":0,"38":0,"39":0,"40":1,"41":0,"42":0,"43":0,"44":0,"45":1,"46":0,"47":0,"48":1,"49":0,"50":0,"51":0,"52":0,"53":0,"54":1,"55":0,"56":0,"57":0,"58":0,"59":0,"60":1,"61":0,"62":0,"63":0,"64":0,"65":0,"66":1,"67":0,"68":0,"69":0,"70":0,"71":0,"72":1,"73":0,"74":1,"75":0,"76":1,"77":0,"78":0},"f":{"0":0,"1":0,"2":0,"3":0,"4":0,"5":0,"6":0,"7":0,"8":0,"9":0,"10":0,"11":0,"12":0,"13":0,"14":0,"15":0,"16":0,"17":0,"18":0,"19":0,"20":0,"21":0,"22":0,"23":0,"24":0,"25":0,"26":0,"27":0,"28":0,"29":0,"30":0,"31":0,"32":0,"33":0},"b":{"0":[0,0],"1":[0,0],"2":[0,0],"3":[0,0],"4":[0,0],"5":[0,0],"6":[0,0],"7":[0,0],"8":[0,0],"9":[0,0],"10":[0,0],"11":[0,0]},"_coverageSchema":"1a1c01bbd47fc00a2c39e90264f33305004495a9","hash":"a43629efd14e2c389a65cc34a06fc4fca28f8711"}
,"C:\\Users\\StolSakh2\\dev\\stellar-burger\\src\\utils\\cookie.ts": {"path":"C:\\Users\\StolSakh2\\dev\\stellar-burger\\src\\utils\\cookie.ts","statementMap":{"0":{"start":{"line":2,"column":18},"end":{"line":9,"column":3}},"1":{"start":{"line":10,"column":2},"end":{"line":10,"column":62}},"2":{"start":{"line":18,"column":2},"end":{"line":21,"column":4}},"3":{"start":{"line":23,"column":12},"end":{"line":23,"column":25}},"4":{"start":{"line":24,"column":2},"end":{"line":28,"column":3}},"5":{"start":{"line":25,"column":14},"end":{"line":25,"column":24}},"6":{"start":{"line":26,"column":4},"end":{"line":26,"column":40}},"7":{"start":{"line":27,"column":4},"end":{"line":27,"column":28}},"8":{"start":{"line":30,"column":2},"end":{"line":32,"column":3}},"9":{"start":{"line":31,"column":4},"end":{"line":31,"column":38}},"10":{"start":{"line":33,"column":2},"end":{"line":33,"column":36}},"11":{"start":{"line":34,"column":22},"end":{"line":34,"column":40}},"12":{"start":{"line":35,"column":2},"end":{"line":41,"column":3}},"13":{"start":{"line":36,"column":4},"end":{"line":36,"column":37}},"14":{"start":{"line":37,"column":22},"end":{"line":37,"column":37}},"15":{"start":{"line":38,"column":4},"end":{"line":40,"column":5}},"16":{"start":{"line":39,"column":6},"end":{"line":39,"column":39}},"17":{"start":{"line":42,"column":2},"end":{"line":42,"column":34}},"18":{"start":{"line":46,"column":2},"end":{"line":46,"column":39}}},"fnMap":{"0":{"name":"getCookie","decl":{"start":{"line":1,"column":16},"end":{"line":1,"column":25}},"loc":{"start":{"line":1,"column":60},"end":{"line":11,"column":1}},"line":1},"1":{"name":"setCookie","decl":{"start":{"line":13,"column":16},"end":{"line":13,"column":25}},"loc":{"start":{"line":17,"column":2},"end":{"line":43,"column":1}},"line":17},"2":{"name":"deleteCookie","decl":{"start":{"line":45,"column":16},"end":{"line":45,"column":28}},"loc":{"start":{"line":45,"column":43},"end":{"line":47,"column":1}},"line":45}},"branchMap":{"0":{"loc":{"start":{"line":10,"column":9},"end":{"line":10,"column":61}},"type":"cond-expr","locations":[{"start":{"line":10,"column":19},"end":{"line":10,"column":49}},{"start":{"line":10,"column":52},"end":{"line":10,"column":61}}],"line":10},"1":{"loc":{"start":{"line":16,"column":2},"end":{"line":16,"column":65}},"type":"default-arg","locations":[{"start":{"line":16,"column":63},"end":{"line":16,"column":65}}],"line":16},"2":{"loc":{"start":{"line":24,"column":2},"end":{"line":28,"column":3}},"type":"if","locations":[{"start":{"line":24,"column":2},"end":{"line":28,"column":3}},{"start":{},"end":{}}],"line":24},"3":{"loc":{"start":{"line":24,"column":6},"end":{"line":24,"column":36}},"type":"binary-expr","locations":[{"start":{"line":24,"column":6},"end":{"line":24,"column":9}},{"start":{"line":24,"column":13},"end":{"line":24,"column":36}}],"line":24},"4":{"loc":{"start":{"line":30,"column":2},"end":{"line":32,"column":3}},"type":"if","locations":[{"start":{"line":30,"column":2},"end":{"line":32,"column":3}},{"start":{},"end":{}}],"line":30},"5":{"loc":{"start":{"line":30,"column":6},"end":{"line":30,"column":32}},"type":"binary-expr","locations":[{"start":{"line":30,"column":6},"end":{"line":30,"column":9}},{"start":{"line":30,"column":13},"end":{"line":30,"column":32}}],"line":30},"6":{"loc":{"start":{"line":38,"column":4},"end":{"line":40,"column":5}},"type":"if","locations":[{"start":{"line":38,"column":4},"end":{"line":40,"column":5}},{"start":{},"end":{}}],"line":38}},"s":{"0":0,"1":0,"2":0,"3":0,"4":0,"5":0,"6":0,"7":0,"8":0,"9":0,"10":0,"11":0,"12":0,"13":0,"14":0,"15":0,"16":0,"17":0,"18":0},"f":{"0":0,"1":0,"2":0},"b":{"0":[0,0],"1":[0],"2":[0,0],"3":[0,0],"4":[0,0],"5":[0,0],"6":[0,0]},"_coverageSchema":"1a1c01bbd47fc00a2c39e90264f33305004495a9","hash":"9bf799b35685fbc493fe12be3b330eae6817518f"}
,"C:\\Users\\StolSakh2\\dev\\stellar-burger\\src\\utils\\types.ts": {"path":"C:\\Users\\StolSakh2\\dev\\stellar-burger\\src\\utils\\types.ts","statementMap":{},"fnMap":{},"branchMap":{},"s":{},"f":{},"b":{},"_coverageSchema":"1a1c01bbd47fc00a2c39e90264f33305004495a9","hash":"16831de93a030fd1085ccc3b42706677b05e4501"}
}
