TN:
SF:src\services\burgerConstructorSlice.tsx
FN:25,(anonymous_0)
FN:36,(anonymous_1)
FN:39,(anonymous_2)
FN:47,(anonymous_3)
FN:49,(anonymous_4)
FN:52,(anonymous_5)
FN:62,(anonymous_6)
FN:64,(anonymous_7)
FN:66,(anonymous_8)
FN:71,(anonymous_9)
FN:78,(anonymous_10)
FNF:11
FNH:9
FNDA:0,(anonymous_0)
FNDA:0,(anonymous_1)
FNDA:2,(anonymous_2)
FNDA:1,(anonymous_3)
FNDA:3,(anonymous_4)
FNDA:1,(anonymous_5)
FNDA:1,(anonymous_6)
FNDA:2,(anonymous_7)
FNDA:1,(anonymous_8)
FNDA:1,(anonymous_9)
FNDA:1,(anonymous_10)
DA:14,2
DA:23,2
DA:26,0
DA:27,0
DA:31,2
DA:36,0
DA:40,2
DA:41,1
DA:43,1
DA:48,1
DA:49,3
DA:56,1
DA:57,1
DA:58,1
DA:59,1
DA:60,1
DA:62,1
DA:65,2
DA:67,1
DA:72,1
DA:73,1
DA:74,1
DA:75,1
DA:79,1
DA:84,2
LF:25
LH:22
BRDA:40,0,0,1
BRDA:40,0,1,1
BRF:2
BRH:2
end_of_record
TN:
SF:src\services\feedSlice.tsx
FN:22,(anonymous_0)
FN:32,(anonymous_1)
FN:34,(anonymous_2)
FN:39,(anonymous_3)
FN:46,(anonymous_4)
FNF:5
FNH:4
FNDA:0,(anonymous_0)
FNDA:2,(anonymous_1)
FNDA:1,(anonymous_2)
FNDA:1,(anonymous_3)
FNDA:1,(anonymous_4)
DA:13,2
DA:20,2
DA:23,0
DA:24,0
DA:28,2
DA:33,2
DA:35,1
DA:40,1
DA:41,1
DA:42,1
DA:43,1
DA:47,1
DA:52,2
LF:13
LH:11
BRF:0
BRH:0
end_of_record
TN:
SF:src\services\ingredientsSlice.tsx
FN:24,(anonymous_0)
FN:26,(anonymous_1)
FN:29,(anonymous_2)
FN:33,(anonymous_3)
FN:38,(anonymous_4)
FN:39,(anonymous_5)
FNF:6
FNH:4
FNDA:2,(anonymous_0)
FNDA:1,(anonymous_1)
FNDA:1,(anonymous_2)
FNDA:1,(anonymous_3)
FNDA:0,(anonymous_4)
FNDA:0,(anonymous_5)
DA:10,2
DA:15,2
DA:20,2
DA:25,2
DA:27,1
DA:30,1
DA:31,1
DA:34,1
DA:38,0
DA:39,0
DA:43,2
LF:11
LH:9
BRF:0
BRH:0
end_of_record
TN:
SF:src\services\orderSlice.tsx
FN:17,(anonymous_0)
FN:27,(anonymous_1)
FN:29,(anonymous_2)
FN:32,(anonymous_3)
FN:36,(anonymous_4)
FNF:5
FNH:4
FNDA:0,(anonymous_0)
FNDA:2,(anonymous_1)
FNDA:1,(anonymous_2)
FNDA:1,(anonymous_3)
FNDA:1,(anonymous_4)
DA:10,2
DA:15,2
DA:18,0
DA:19,0
DA:23,2
DA:28,2
DA:30,1
DA:33,1
DA:34,1
DA:37,1
DA:42,2
LF:11
LH:9
BRF:0
BRH:0
end_of_record
TN:
SF:src\services\ordersSlice.tsx
FN:17,(anonymous_0)
FN:27,(anonymous_1)
FN:29,(anonymous_2)
FN:34,(anonymous_3)
FN:39,(anonymous_4)
FNF:5
FNH:4
FNDA:0,(anonymous_0)
FNDA:2,(anonymous_1)
FNDA:1,(anonymous_2)
FNDA:1,(anonymous_3)
FNDA:1,(anonymous_4)
DA:10,2
DA:15,2
DA:18,0
DA:19,0
DA:23,2
DA:28,2
DA:30,1
DA:35,1
DA:36,1
DA:40,1
DA:45,2
LF:11
LH:9
BRF:0
BRH:0
end_of_record
TN:
SF:src\services\store.ts
FN:31,(anonymous_0)
FNF:1
FNH:0
FNDA:0,(anonymous_0)
DA:14,1
DA:23,1
DA:31,1
DA:32,1
LF:4
LH:4
BRF:0
BRH:0
end_of_record
TN:
SF:src\services\userSlice.tsx
FN:27,(anonymous_0)
FN:37,(anonymous_1)
FN:47,(anonymous_2)
FN:55,(anonymous_3)
FN:57,(anonymous_4)
FN:62,(anonymous_5)
FN:70,(anonymous_6)
FN:80,(anonymous_7)
FN:90,(anonymous_8)
FN:93,(anonymous_9)
FN:97,(anonymous_10)
FN:98,(anonymous_11)
FN:102,(anonymous_12)
FN:105,(anonymous_13)
FN:108,(anonymous_14)
FN:112,(anonymous_15)
FN:115,(anonymous_16)
FN:118,(anonymous_17)
FN:122,(anonymous_18)
FN:125,(anonymous_19)
FN:128,(anonymous_20)
FN:131,(anonymous_21)
FN:134,(anonymous_22)
FN:137,(anonymous_23)
FN:140,(anonymous_24)
FN:143,(anonymous_25)
FN:148,(anonymous_26)
FN:149,(anonymous_27)
FNF:28
FNH:20
FNDA:0,(anonymous_0)
FNDA:0,(anonymous_1)
FNDA:0,(anonymous_2)
FNDA:0,(anonymous_3)
FNDA:0,(anonymous_4)
FNDA:0,(anonymous_5)
FNDA:0,(anonymous_6)
FNDA:0,(anonymous_7)
FNDA:1,(anonymous_8)
FNDA:1,(anonymous_9)
FNDA:2,(anonymous_10)
FNDA:1,(anonymous_11)
FNDA:1,(anonymous_12)
FNDA:1,(anonymous_13)
FNDA:1,(anonymous_14)
FNDA:1,(anonymous_15)
FNDA:1,(anonymous_16)
FNDA:1,(anonymous_17)
FNDA:1,(anonymous_18)
FNDA:1,(anonymous_19)
FNDA:1,(anonymous_20)
FNDA:1,(anonymous_21)
FNDA:1,(anonymous_22)
FNDA:1,(anonymous_23)
FNDA:1,(anonymous_24)
FNDA:1,(anonymous_25)
FNDA:1,(anonymous_26)
FNDA:1,(anonymous_27)
DA:19,2
DA:25,2
DA:28,0
DA:29,0
DA:30,0
DA:31,0
DA:35,2
DA:38,0
DA:39,0
DA:40,0
DA:41,0
DA:45,2
DA:48,0
DA:49,0
DA:53,2
DA:56,0
DA:58,0
DA:59,0
DA:60,0
DA:63,0
DA:68,2
DA:71,0
DA:72,0
DA:73,0
DA:78,2
DA:81,0
DA:82,0
DA:86,2
DA:91,1
DA:94,1
DA:98,2
DA:99,1
DA:100,1
DA:102,2
DA:103,1
DA:105,2
DA:106,1
DA:108,2
DA:109,1
DA:110,1
DA:112,2
DA:113,1
DA:115,2
DA:116,1
DA:118,2
DA:119,1
DA:120,1
DA:122,2
DA:123,1
DA:125,2
DA:126,1
DA:128,2
DA:129,1
DA:131,2
DA:132,1
DA:134,2
DA:135,1
DA:137,2
DA:138,1
DA:140,2
DA:141,1
DA:143,2
DA:144,1
DA:148,1
DA:149,1
DA:153,2
DA:154,2
LF:67
LH:47
BRDA:72,0,0,0
BRDA:72,0,1,0
BRF:2
BRH:0
end_of_record
